Base path: C:/Program Files/Unity/Editor/Data
Pipe name: \\.\pipe\UnityShaderCompiler-64bit-2-6904
Cmd: getPlatforms
Cmd: compileSnippet
  api=1 type=0 insize=7201 outsize=615 kw=DIRECTIONAL SHADOWS_OFF LIGHTMAP_OFF DIRLIGHTMAP_OFF DYNAMICLIGHTMAP_OFF pd= ok=1
Cmd: compileSnippet
  api=0 type=0 insize=7201 outsize=3105 kw=DIRECTIONAL SHADOWS_SCREEN LIGHTMAP_OFF DIRLIGHTMAP_OFF DYNAMICLIGHTMAP_OFF pd= ok=1
Cmd: compileSnippet
  api=1 type=0 insize=7201 outsize=1122 kw=DIRECTIONAL SHADOWS_OFF LIGHTMAP_OFF DIRLIGHTMAP_OFF DYNAMICLIGHTMAP_OFF VERTEXLIGHT_ON pd= ok=1
Cmd: compileSnippet
  api=4 type=0 insize=7201 outsize=5206 kw=DIRECTIONAL SHADOWS_OFF LIGHTMAP_OFF DIRLIGHTMAP_OFF DYNAMICLIGHTMAP_OFF VERTEXLIGHT_ON pd= ok=1
Cmd: compileSnippet
  api=0 type=0 insize=7201 outsize=4346 kw=DIRECTIONAL SHADOWS_SCREEN LIGHTMAP_OFF DIRLIGHTMAP_OFF DYNAMICLIGHTMAP_OFF VERTEXLIGHT_ON pd= ok=1
Cmd: compileSnippet
  api=8 type=0 insize=7201 outsize=6419 kw=DIRECTIONAL SHADOWS_SCREEN SHADOWS_NATIVE LIGHTMAP_OFF DIRLIGHTMAP_OFF DYNAMICLIGHTMAP_OFF pd=UNITY_NO_SCREENSPACE_SHADOWS UNITY_NO_LINEAR_COLORSPACE ok=1
Cmd: compileSnippet
  api=1 type=1 insize=7201 outsize=360 kw=DIRECTIONAL SHADOWS_OFF LIGHTMAP_OFF DIRLIGHTMAP_OFF DYNAMICLIGHTMAP_OFF pd= ok=1
Cmd: compileSnippet
  api=0 type=1 insize=7201 outsize=6 kw=DIRECTIONAL SHADOWS_SCREEN LIGHTMAP_OFF DIRLIGHTMAP_OFF DYNAMICLIGHTMAP_OFF pd= ok=1
Cmd: compileSnippet
  api=1 type=1 insize=7201 outsize=425 kw=DIRECTIONAL SHADOWS_SCREEN LIGHTMAP_OFF DIRLIGHTMAP_OFF DYNAMICLIGHTMAP_OFF pd= ok=1
Cmd: compileSnippet
  api=1 type=0 insize=3964 outsize=374 kw=POINT pd= ok=1
Cmd: compileSnippet
  api=4 type=0 insize=3964 outsize=2842 kw=POINT pd= ok=1
Cmd: compileSnippet
  api=8 type=0 insize=3964 outsize=4022 kw=POINT pd=UNITY_NO_SCREENSPACE_SHADOWS UNITY_NO_LINEAR_COLORSPACE ok=1
Cmd: compileSnippet
  api=1 type=0 insize=3964 outsize=374 kw=DIRECTIONAL pd= ok=1
Cmd: compileSnippet
  api=8 type=0 insize=3964 outsize=4022 kw=DIRECTIONAL pd=UNITY_NO_SCREENSPACE_SHADOWS UNITY_NO_LINEAR_COLORSPACE ok=1
Cmd: compileSnippet
  api=1 type=0 insize=3964 outsize=374 kw=SPOT pd= ok=1
Cmd: compileSnippet
  api=4 type=0 insize=3964 outsize=2842 kw=SPOT pd= ok=1
Cmd: compileSnippet
  api=8 type=0 insize=3964 outsize=4022 kw=SPOT pd=UNITY_NO_SCREENSPACE_SHADOWS UNITY_NO_LINEAR_COLORSPACE ok=1
Cmd: compileSnippet
  api=1 type=0 insize=3964 outsize=374 kw=POINT_COOKIE pd= ok=1
Cmd: compileSnippet
  api=4 type=0 insize=3964 outsize=2842 kw=POINT_COOKIE pd= ok=1
Cmd: compileSnippet
  api=0 type=0 insize=3964 outsize=2054 kw=DIRECTIONAL_COOKIE pd= ok=1
Cmd: compileSnippet
  api=8 type=0 insize=3964 outsize=4022 kw=DIRECTIONAL_COOKIE pd=UNITY_NO_SCREENSPACE_SHADOWS UNITY_NO_LINEAR_COLORSPACE ok=1
Cmd: compileSnippet
  api=1 type=1 insize=3964 outsize=525 kw=POINT pd= ok=1
Cmd: compileSnippet
  api=8 type=1 insize=3964 outsize=3331 kw=POINT pd=UNITY_NO_SCREENSPACE_SHADOWS UNITY_NO_LINEAR_COLORSPACE ok=1
Cmd: compileSnippet
  api=0 type=1 insize=3964 outsize=6 kw=SPOT pd= ok=1
Cmd: compileSnippet
  api=1 type=1 insize=3964 outsize=682 kw=SPOT pd= ok=1
Cmd: compileSnippet
  api=8 type=1 insize=3964 outsize=4030 kw=SPOT pd=UNITY_NO_SCREENSPACE_SHADOWS UNITY_NO_LINEAR_COLORSPACE ok=1
Cmd: compileSnippet
  api=4 type=1 insize=3964 outsize=2387 kw=POINT_COOKIE pd= ok=1
Cmd: compileSnippet
  api=0 type=1 insize=3964 outsize=6 kw=DIRECTIONAL_COOKIE pd= ok=1
Cmd: compileSnippet
  api=1 type=1 insize=3964 outsize=452 kw=DIRECTIONAL_COOKIE pd= ok=1
Cmd: compileSnippet
  api=8 type=1 insize=3964 outsize=2966 kw=DIRECTIONAL_COOKIE pd=UNITY_NO_SCREENSPACE_SHADOWS UNITY_NO_LINEAR_COLORSPACE ok=1
Cmd: compileSnippet
  api=1 type=0 insize=3039 outsize=293 kw= pd= ok=1
Cmd: compileSnippet
  api=4 type=0 insize=3039 outsize=2533 kw= pd= ok=1
Cmd: compileSnippet
  api=8 type=0 insize=3039 outsize=3583 kw= pd=UNITY_NO_SCREENSPACE_SHADOWS UNITY_NO_LINEAR_COLORSPACE ok=1
Cmd: compileSnippet
  api=1 type=1 insize=3039 outsize=106 kw= pd= ok=1
Cmd: compileSnippet
  api=8 type=1 insize=3039 outsize=983 kw= pd=UNITY_NO_SCREENSPACE_SHADOWS UNITY_NO_LINEAR_COLORSPACE ok=1
Cmd: compileSnippet
  api=1 type=0 insize=6231 outsize=742 kw=LIGHTMAP_OFF DIRLIGHTMAP_OFF DYNAMICLIGHTMAP_OFF HDR_LIGHT_PREPASS_OFF pd= ok=1
Cmd: compileSnippet
  api=4 type=0 insize=6231 outsize=4166 kw=LIGHTMAP_OFF DIRLIGHTMAP_OFF DYNAMICLIGHTMAP_OFF HDR_LIGHT_PREPASS_OFF pd= ok=1
Cmd: compileSnippet
  api=8 type=0 insize=6231 outsize=5956 kw=LIGHTMAP_OFF DIRLIGHTMAP_OFF DYNAMICLIGHTMAP_OFF HDR_LIGHT_PREPASS_OFF pd=UNITY_NO_SCREENSPACE_SHADOWS UNITY_NO_LINEAR_COLORSPACE ok=1
Cmd: compileSnippet
  api=1 type=0 insize=6231 outsize=742 kw=LIGHTMAP_OFF DIRLIGHTMAP_OFF DYNAMICLIGHTMAP_OFF UNITY_HDR_ON pd= ok=1
Cmd: compileSnippet
  api=4 type=0 insize=6231 outsize=4166 kw=LIGHTMAP_OFF DIRLIGHTMAP_OFF DYNAMICLIGHTMAP_OFF UNITY_HDR_ON pd= ok=1
Cmd: compileSnippet
  api=1 type=1 insize=6231 outsize=364 kw=LIGHTMAP_OFF DIRLIGHTMAP_OFF DYNAMICLIGHTMAP_OFF HDR_LIGHT_PREPASS_OFF pd= ok=1
Cmd: compileSnippet
  api=8 type=1 insize=6231 outsize=2494 kw=LIGHTMAP_OFF DIRLIGHTMAP_OFF DYNAMICLIGHTMAP_OFF HDR_LIGHT_PREPASS_OFF pd=UNITY_NO_SCREENSPACE_SHADOWS UNITY_NO_LINEAR_COLORSPACE ok=1
Cmd: compileSnippet
  api=4 type=1 insize=6231 outsize=1566 kw=LIGHTMAP_OFF DIRLIGHTMAP_OFF DYNAMICLIGHTMAP_OFF UNITY_HDR_ON pd= ok=1
Cmd: compileSnippet
  api=1 type=0 insize=6295 outsize=630 kw=LIGHTMAP_OFF DIRLIGHTMAP_OFF DYNAMICLIGHTMAP_OFF HDR_LIGHT_PREPASS_OFF pd= ok=1
Cmd: compileSnippet
  api=4 type=0 insize=6295 outsize=3890 kw=LIGHTMAP_OFF DIRLIGHTMAP_OFF DYNAMICLIGHTMAP_OFF HDR_LIGHT_PREPASS_OFF pd= ok=1
Cmd: compileSnippet
  api=8 type=0 insize=6295 outsize=5525 kw=LIGHTMAP_OFF DIRLIGHTMAP_OFF DYNAMICLIGHTMAP_OFF HDR_LIGHT_PREPASS_OFF pd=UNITY_NO_SCREENSPACE_SHADOWS UNITY_NO_LINEAR_COLORSPACE ok=1
Cmd: compileSnippet
  api=1 type=0 insize=6295 outsize=630 kw=LIGHTMAP_OFF DIRLIGHTMAP_OFF DYNAMICLIGHTMAP_OFF UNITY_HDR_ON pd= ok=1
Cmd: compileSnippet
  api=4 type=0 insize=6295 outsize=3890 kw=LIGHTMAP_OFF DIRLIGHTMAP_OFF DYNAMICLIGHTMAP_OFF UNITY_HDR_ON pd= ok=1
Cmd: compileSnippet
  api=8 type=0 insize=6295 outsize=5525 kw=LIGHTMAP_OFF DIRLIGHTMAP_OFF DYNAMICLIGHTMAP_OFF UNITY_HDR_ON pd=UNITY_NO_SCREENSPACE_SHADOWS UNITY_NO_LINEAR_COLORSPACE ok=1
Cmd: compileSnippet
  api=1 type=1 insize=6295 outsize=452 kw=LIGHTMAP_OFF DIRLIGHTMAP_OFF DYNAMICLIGHTMAP_OFF HDR_LIGHT_PREPASS_OFF pd= ok=1
Cmd: compileSnippet
  api=8 type=1 insize=6295 outsize=2811 kw=LIGHTMAP_OFF DIRLIGHTMAP_OFF DYNAMICLIGHTMAP_OFF HDR_LIGHT_PREPASS_OFF pd=UNITY_NO_SCREENSPACE_SHADOWS UNITY_NO_LINEAR_COLORSPACE ok=1
Cmd: compileSnippet
  api=8 type=1 insize=6295 outsize=2689 kw=LIGHTMAP_OFF DIRLIGHTMAP_OFF DYNAMICLIGHTMAP_OFF UNITY_HDR_ON pd=UNITY_NO_SCREENSPACE_SHADOWS UNITY_NO_LINEAR_COLORSPACE ok=1
Cmd: compileSnippet
  api=1 type=0 insize=7216 outsize=615 kw=DIRECTIONAL SHADOWS_OFF LIGHTMAP_OFF DIRLIGHTMAP_OFF DYNAMICLIGHTMAP_OFF pd= ok=1
Cmd: compileSnippet
  api=4 type=0 insize=7216 outsize=3752 kw=DIRECTIONAL SHADOWS_OFF LIGHTMAP_OFF DIRLIGHTMAP_OFF DYNAMICLIGHTMAP_OFF pd= ok=1
Cmd: compileSnippet
  api=8 type=0 insize=7216 outsize=5363 kw=DIRECTIONAL SHADOWS_OFF LIGHTMAP_OFF DIRLIGHTMAP_OFF DYNAMICLIGHTMAP_OFF pd=UNITY_NO_SCREENSPACE_SHADOWS UNITY_NO_LINEAR_COLORSPACE ok=1
Cmd: compileSnippet
  api=1 type=0 insize=7216 outsize=743 kw=DIRECTIONAL SHADOWS_SCREEN LIGHTMAP_OFF DIRLIGHTMAP_OFF DYNAMICLIGHTMAP_OFF pd= ok=1
Cmd: compileSnippet
  api=4 type=0 insize=7216 outsize=4142 kw=DIRECTIONAL SHADOWS_SCREEN LIGHTMAP_OFF DIRLIGHTMAP_OFF DYNAMICLIGHTMAP_OFF pd= ok=1
Cmd: compileSnippet
  api=0 type=0 insize=7216 outsize=3769 kw=DIRECTIONAL SHADOWS_OFF LIGHTMAP_OFF DIRLIGHTMAP_OFF DYNAMICLIGHTMAP_OFF VERTEXLIGHT_ON pd= ok=1
Cmd: compileSnippet
  api=8 type=0 insize=7216 outsize=7735 kw=DIRECTIONAL SHADOWS_OFF LIGHTMAP_OFF DIRLIGHTMAP_OFF DYNAMICLIGHTMAP_OFF VERTEXLIGHT_ON pd=UNITY_NO_SCREENSPACE_SHADOWS UNITY_NO_LINEAR_COLORSPACE ok=1
Cmd: compileSnippet
  api=1 type=0 insize=7216 outsize=1250 kw=DIRECTIONAL SHADOWS_SCREEN LIGHTMAP_OFF DIRLIGHTMAP_OFF DYNAMICLIGHTMAP_OFF VERTEXLIGHT_ON pd= ok=1
Cmd: compileSnippet
  api=8 type=0 insize=7216 outsize=6419 kw=DIRECTIONAL SHADOWS_SCREEN SHADOWS_NATIVE LIGHTMAP_OFF DIRLIGHTMAP_OFF DYNAMICLIGHTMAP_OFF pd=UNITY_NO_SCREENSPACE_SHADOWS UNITY_NO_LINEAR_COLORSPACE ok=1
Cmd: compileSnippet
  api=1 type=1 insize=7216 outsize=348 kw=DIRECTIONAL SHADOWS_OFF LIGHTMAP_OFF DIRLIGHTMAP_OFF DYNAMICLIGHTMAP_OFF pd= ok=1
Cmd: compileSnippet
  api=8 type=1 insize=7216 outsize=2308 kw=DIRECTIONAL SHADOWS_OFF LIGHTMAP_OFF DIRLIGHTMAP_OFF DYNAMICLIGHTMAP_OFF pd=UNITY_NO_SCREENSPACE_SHADOWS UNITY_NO_LINEAR_COLORSPACE ok=1
Cmd: compileSnippet
  api=8 type=1 insize=7216 outsize=3023 kw=DIRECTIONAL SHADOWS_SCREEN SHADOWS_NATIVE LIGHTMAP_OFF DIRLIGHTMAP_OFF DYNAMICLIGHTMAP_OFF pd=UNITY_NO_SCREENSPACE_SHADOWS UNITY_NO_LINEAR_COLORSPACE ok=1
Cmd: compileSnippet
  api=1 type=0 insize=3830 outsize=339 kw=POINT pd= ok=1
Cmd: compileSnippet
  api=4 type=0 insize=3830 outsize=2753 kw=POINT pd= ok=1
Cmd: compileSnippet
  api=8 type=0 insize=3830 outsize=3892 kw=POINT pd=UNITY_NO_SCREENSPACE_SHADOWS UNITY_NO_LINEAR_COLORSPACE ok=1
Cmd: compileSnippet
  api=1 type=0 insize=3830 outsize=339 kw=DIRECTIONAL pd= ok=1
Cmd: compileSnippet
  api=4 type=0 insize=3830 outsize=2753 kw=DIRECTIONAL pd= ok=1
Cmd: compileSnippet
  api=8 type=0 insize=3830 outsize=3892 kw=DIRECTIONAL pd=UNITY_NO_SCREENSPACE_SHADOWS UNITY_NO_LINEAR_COLORSPACE ok=1
Cmd: compileSnippet
  api=1 type=0 insize=3830 outsize=339 kw=SPOT pd= ok=1
Cmd: compileSnippet
  api=4 type=0 insize=3830 outsize=2753 kw=SPOT pd= ok=1
Cmd: compileSnippet
  api=0 type=0 insize=3830 outsize=1903 kw=POINT_COOKIE pd= ok=1
Cmd: compileSnippet
  api=8 type=0 insize=3830 outsize=3892 kw=POINT_COOKIE pd=UNITY_NO_SCREENSPACE_SHADOWS UNITY_NO_LINEAR_COLORSPACE ok=1
Cmd: compileSnippet
  api=1 type=0 insize=3830 outsize=339 kw=DIRECTIONAL_COOKIE pd= ok=1
Cmd: compileSnippet
  api=4 type=0 insize=3830 outsize=2753 kw=DIRECTIONAL_COOKIE pd= ok=1
Cmd: compileSnippet
  api=1 type=1 insize=3830 outsize=431 kw=POINT pd= ok=1
Cmd: compileSnippet
  api=8 type=1 insize=3830 outsize=2876 kw=POINT pd=UNITY_NO_SCREENSPACE_SHADOWS UNITY_NO_LINEAR_COLORSPACE ok=1
Cmd: compileSnippet
  api=8 type=1 insize=3830 outsize=1739 kw=DIRECTIONAL pd=UNITY_NO_SCREENSPACE_SHADOWS UNITY_NO_LINEAR_COLORSPACE ok=1
Cmd: compileSnippet
  api=4 type=1 insize=3830 outsize=2444 kw=SPOT pd= ok=1
Cmd: compileSnippet
  api=0 type=1 insize=3830 outsize=6 kw=POINT_COOKIE pd= ok=1
Cmd: compileSnippet
  api=1 type=1 insize=3830 outsize=481 kw=POINT_COOKIE pd= ok=1
Cmd: compileSnippet
  api=4 type=1 insize=3830 outsize=2135 kw=POINT_COOKIE pd= ok=1
Cmd: compileSnippet
  api=0 type=1 insize=3830 outsize=6 kw=DIRECTIONAL_COOKIE pd= ok=1
Cmd: compileSnippet
  api=1 type=1 insize=3830 outsize=358 kw=DIRECTIONAL_COOKIE pd= ok=1
Cmd: compileSnippet
  api=8 type=1 insize=3830 outsize=2511 kw=DIRECTIONAL_COOKIE pd=UNITY_NO_SCREENSPACE_SHADOWS UNITY_NO_LINEAR_COLORSPACE ok=1
Cmd: compileSnippet
  api=1 type=0 insize=3037 outsize=293 kw= pd= ok=1
Cmd: compileSnippet
  api=4 type=0 insize=3037 outsize=2533 kw= pd= ok=1
Cmd: compileSnippet
  api=8 type=0 insize=3037 outsize=3583 kw= pd=UNITY_NO_SCREENSPACE_SHADOWS UNITY_NO_LINEAR_COLORSPACE ok=1
Cmd: compileSnippet
  api=1 type=1 insize=3037 outsize=106 kw= pd= ok=1
Cmd: compileSnippet
  api=8 type=1 insize=3037 outsize=983 kw= pd=UNITY_NO_SCREENSPACE_SHADOWS UNITY_NO_LINEAR_COLORSPACE ok=1
Cmd: compileSnippet
  api=1 type=0 insize=6247 outsize=742 kw=LIGHTMAP_OFF DIRLIGHTMAP_OFF DYNAMICLIGHTMAP_OFF HDR_LIGHT_PREPASS_OFF pd= ok=1
Cmd: compileSnippet
  api=4 type=0 insize=6247 outsize=4166 kw=LIGHTMAP_OFF DIRLIGHTMAP_OFF DYNAMICLIGHTMAP_OFF HDR_LIGHT_PREPASS_OFF pd= ok=1
Cmd: compileSnippet
  api=8 type=0 insize=6247 outsize=5956 kw=LIGHTMAP_OFF DIRLIGHTMAP_OFF DYNAMICLIGHTMAP_OFF HDR_LIGHT_PREPASS_OFF pd=UNITY_NO_SCREENSPACE_SHADOWS UNITY_NO_LINEAR_COLORSPACE ok=1
Cmd: compileSnippet
  api=1 type=0 insize=6247 outsize=742 kw=LIGHTMAP_OFF DIRLIGHTMAP_OFF DYNAMICLIGHTMAP_OFF UNITY_HDR_ON pd= ok=1
Cmd: compileSnippet
  api=4 type=0 insize=6247 outsize=4166 kw=LIGHTMAP_OFF DIRLIGHTMAP_OFF DYNAMICLIGHTMAP_OFF UNITY_HDR_ON pd= ok=1
Cmd: compileSnippet
  api=1 type=1 insize=6247 outsize=352 kw=LIGHTMAP_OFF DIRLIGHTMAP_OFF DYNAMICLIGHTMAP_OFF HDR_LIGHT_PREPASS_OFF pd= ok=1
Cmd: compileSnippet
  api=8 type=1 insize=6247 outsize=2397 kw=LIGHTMAP_OFF DIRLIGHTMAP_OFF DYNAMICLIGHTMAP_OFF HDR_LIGHT_PREPASS_OFF pd=UNITY_NO_SCREENSPACE_SHADOWS UNITY_NO_LINEAR_COLORSPACE ok=1
Cmd: compileSnippet
  api=8 type=1 insize=6247 outsize=2275 kw=LIGHTMAP_OFF DIRLIGHTMAP_OFF DYNAMICLIGHTMAP_OFF UNITY_HDR_ON pd=UNITY_NO_SCREENSPACE_SHADOWS UNITY_NO_LINEAR_COLORSPACE ok=1
Cmd: compileSnippet
  api=1 type=0 insize=6288 outsize=630 kw=LIGHTMAP_OFF DIRLIGHTMAP_OFF DYNAMICLIGHTMAP_OFF HDR_LIGHT_PREPASS_OFF pd= ok=1
Cmd: compileSnippet
  api=4 type=0 insize=6288 outsize=3890 kw=LIGHTMAP_OFF DIRLIGHTMAP_OFF DYNAMICLIGHTMAP_OFF HDR_LIGHT_PREPASS_OFF pd= ok=1
Cmd: compileSnippet
  api=8 type=0 insize=6288 outsize=5525 kw=LIGHTMAP_OFF DIRLIGHTMAP_OFF DYNAMICLIGHTMAP_OFF HDR_LIGHT_PREPASS_OFF pd=UNITY_NO_SCREENSPACE_SHADOWS UNITY_NO_LINEAR_COLORSPACE ok=1
Cmd: compileSnippet
  api=1 type=0 insize=6288 outsize=630 kw=LIGHTMAP_OFF DIRLIGHTMAP_OFF DYNAMICLIGHTMAP_OFF UNITY_HDR_ON pd= ok=1
Cmd: compileSnippet
  api=4 type=0 insize=6288 outsize=3890 kw=LIGHTMAP_OFF DIRLIGHTMAP_OFF DYNAMICLIGHTMAP_OFF UNITY_HDR_ON pd= ok=1
Cmd: compileSnippet
  api=8 type=0 insize=6288 outsize=5525 kw=LIGHTMAP_OFF DIRLIGHTMAP_OFF DYNAMICLIGHTMAP_OFF UNITY_HDR_ON pd=UNITY_NO_SCREENSPACE_SHADOWS UNITY_NO_LINEAR_COLORSPACE ok=1
Cmd: compileSnippet
  api=0 type=1 insize=6288 outsize=6 kw=LIGHTMAP_OFF DIRLIGHTMAP_OFF DYNAMICLIGHTMAP_OFF HDR_LIGHT_PREPASS_OFF pd= ok=1
Cmd: compileSnippet
  api=4 type=1 insize=6288 outsize=1851 kw=LIGHTMAP_OFF DIRLIGHTMAP_OFF DYNAMICLIGHTMAP_OFF HDR_LIGHT_PREPASS_OFF pd= ok=1
Cmd: compileSnippet
  api=0 type=1 insize=6288 outsize=6 kw=LIGHTMAP_OFF DIRLIGHTMAP_OFF DYNAMICLIGHTMAP_OFF UNITY_HDR_ON pd= ok=1
Cmd: compileSnippet
  api=1 type=1 insize=6288 outsize=383 kw=LIGHTMAP_OFF DIRLIGHTMAP_OFF DYNAMICLIGHTMAP_OFF UNITY_HDR_ON pd= ok=1
Cmd: compileSnippet
  api=4 type=1 insize=6288 outsize=1802 kw=LIGHTMAP_OFF DIRLIGHTMAP_OFF DYNAMICLIGHTMAP_OFF UNITY_HDR_ON pd= ok=1
Cmd: compileSnippet
  api=1 type=0 insize=7410 outsize=615 kw=DIRECTIONAL SHADOWS_OFF LIGHTMAP_OFF DIRLIGHTMAP_OFF DYNAMICLIGHTMAP_OFF pd= ok=1
Cmd: compileSnippet
  api=4 type=0 insize=7410 outsize=3752 kw=DIRECTIONAL SHADOWS_OFF LIGHTMAP_OFF DIRLIGHTMAP_OFF DYNAMICLIGHTMAP_OFF pd= ok=1
Cmd: compileSnippet
  api=8 type=0 insize=7410 outsize=5363 kw=DIRECTIONAL SHADOWS_OFF LIGHTMAP_OFF DIRLIGHTMAP_OFF DYNAMICLIGHTMAP_OFF pd=UNITY_NO_SCREENSPACE_SHADOWS UNITY_NO_LINEAR_COLORSPACE ok=1
Cmd: compileSnippet
  api=1 type=0 insize=7410 outsize=743 kw=DIRECTIONAL SHADOWS_SCREEN LIGHTMAP_OFF DIRLIGHTMAP_OFF DYNAMICLIGHTMAP_OFF pd= ok=1
Cmd: compileSnippet
  api=4 type=0 insize=7410 outsize=4142 kw=DIRECTIONAL SHADOWS_SCREEN LIGHTMAP_OFF DIRLIGHTMAP_OFF DYNAMICLIGHTMAP_OFF pd= ok=1
Cmd: compileSnippet
  api=0 type=0 insize=7410 outsize=4160 kw=DIRECTIONAL SHADOWS_OFF LIGHTMAP_OFF DIRLIGHTMAP_OFF DYNAMICLIGHTMAP_OFF VERTEXLIGHT_ON pd= ok=1
Cmd: compileSnippet
  api=8 type=0 insize=7410 outsize=7735 kw=DIRECTIONAL SHADOWS_OFF LIGHTMAP_OFF DIRLIGHTMAP_OFF DYNAMICLIGHTMAP_OFF VERTEXLIGHT_ON pd=UNITY_NO_SCREENSPACE_SHADOWS UNITY_NO_LINEAR_COLORSPACE ok=1
Cmd: compileSnippet
  api=1 type=0 insize=7410 outsize=1250 kw=DIRECTIONAL SHADOWS_SCREEN LIGHTMAP_OFF DIRLIGHTMAP_OFF DYNAMICLIGHTMAP_OFF VERTEXLIGHT_ON pd= ok=1
Cmd: compileSnippet
  api=8 type=0 insize=7410 outsize=6419 kw=DIRECTIONAL SHADOWS_SCREEN SHADOWS_NATIVE LIGHTMAP_OFF DIRLIGHTMAP_OFF DYNAMICLIGHTMAP_OFF pd=UNITY_NO_SCREENSPACE_SHADOWS UNITY_NO_LINEAR_COLORSPACE ok=1
Cmd: compileSnippet
  api=1 type=1 insize=7410 outsize=652 kw=DIRECTIONAL SHADOWS_OFF LIGHTMAP_OFF DIRLIGHTMAP_OFF DYNAMICLIGHTMAP_OFF pd= ok=1
Cmd: compileSnippet
  api=8 type=1 insize=7410 outsize=3778 kw=DIRECTIONAL SHADOWS_OFF LIGHTMAP_OFF DIRLIGHTMAP_OFF DYNAMICLIGHTMAP_OFF pd=UNITY_NO_SCREENSPACE_SHADOWS UNITY_NO_LINEAR_COLORSPACE ok=1
Cmd: compileSnippet
  api=8 type=1 insize=7410 outsize=4436 kw=DIRECTIONAL SHADOWS_SCREEN SHADOWS_NATIVE LIGHTMAP_OFF DIRLIGHTMAP_OFF DYNAMICLIGHTMAP_OFF pd=UNITY_NO_SCREENSPACE_SHADOWS UNITY_NO_LINEAR_COLORSPACE ok=1
Cmd: compileSnippet
  api=1 type=0 insize=3982 outsize=339 kw=POINT pd= ok=1
Cmd: compileSnippet
  api=4 type=0 insize=3982 outsize=2753 kw=POINT pd= ok=1
Cmd: compileSnippet
  api=8 type=0 insize=3982 outsize=3892 kw=POINT pd=UNITY_NO_SCREENSPACE_SHADOWS UNITY_NO_LINEAR_COLORSPACE ok=1
Cmd: compileSnippet
  api=1 type=0 insize=3982 outsize=339 kw=DIRECTIONAL pd= ok=1
Cmd: compileSnippet
  api=4 type=0 insize=3982 outsize=2753 kw=DIRECTIONAL pd= ok=1
Cmd: compileSnippet
  api=8 type=0 insize=3982 outsize=3892 kw=DIRECTIONAL pd=UNITY_NO_SCREENSPACE_SHADOWS UNITY_NO_LINEAR_COLORSPACE ok=1
Cmd: compileSnippet
  api=1 type=0 insize=3982 outsize=339 kw=SPOT pd= ok=1
Cmd: compileSnippet
  api=4 type=0 insize=3982 outsize=2753 kw=SPOT pd= ok=1
Cmd: compileSnippet
  api=8 type=0 insize=3982 outsize=3892 kw=SPOT pd=UNITY_NO_SCREENSPACE_SHADOWS UNITY_NO_LINEAR_COLORSPACE ok=1
Cmd: compileSnippet
  api=1 type=0 insize=3982 outsize=339 kw=POINT_COOKIE pd= ok=1
Cmd: compileSnippet
  api=4 type=0 insize=3982 outsize=2753 kw=POINT_COOKIE pd= ok=1
Cmd: compileSnippet
  api=8 type=0 insize=3982 outsize=3892 kw=POINT_COOKIE pd=UNITY_NO_SCREENSPACE_SHADOWS UNITY_NO_LINEAR_COLORSPACE ok=1
Cmd: compileSnippet
  api=1 type=0 insize=3982 outsize=339 kw=DIRECTIONAL_COOKIE pd= ok=1
Cmd: compileSnippet
  api=4 type=0 insize=3982 outsize=2753 kw=DIRECTIONAL_COOKIE pd= ok=1
Cmd: compileSnippet
  api=1 type=1 insize=3982 outsize=694 kw=POINT pd= ok=1
Cmd: compileSnippet
  api=8 type=1 insize=3982 outsize=4225 kw=POINT pd=UNITY_NO_SCREENSPACE_SHADOWS UNITY_NO_LINEAR_COLORSPACE ok=1
Cmd: compileSnippet
  api=8 type=1 insize=3982 outsize=3209 kw=DIRECTIONAL pd=UNITY_NO_SCREENSPACE_SHADOWS UNITY_NO_LINEAR_COLORSPACE ok=1
Cmd: compileSnippet
  api=4 type=1 insize=3982 outsize=3386 kw=SPOT pd= ok=1
Cmd: compileSnippet
  api=0 type=1 insize=3982 outsize=6 kw=POINT_COOKIE pd= ok=1
Cmd: compileSnippet
  api=1 type=1 insize=3982 outsize=744 kw=POINT_COOKIE pd= ok=1
Cmd: compileSnippet
  api=4 type=1 insize=3982 outsize=3045 kw=POINT_COOKIE pd= ok=1
Cmd: compileSnippet
  api=0 type=1 insize=3982 outsize=6 kw=DIRECTIONAL_COOKIE pd= ok=1
Cmd: compileSnippet
  api=1 type=1 insize=3982 outsize=621 kw=DIRECTIONAL_COOKIE pd= ok=1
Cmd: compileSnippet
  api=8 type=1 insize=3982 outsize=3900 kw=DIRECTIONAL_COOKIE pd=UNITY_NO_SCREENSPACE_SHADOWS UNITY_NO_LINEAR_COLORSPACE ok=1
Cmd: compileSnippet
  api=1 type=0 insize=3103 outsize=293 kw= pd= ok=1
Cmd: compileSnippet
  api=4 type=0 insize=3103 outsize=2533 kw= pd= ok=1
Cmd: compileSnippet
  api=8 type=0 insize=3103 outsize=3583 kw= pd=UNITY_NO_SCREENSPACE_SHADOWS UNITY_NO_LINEAR_COLORSPACE ok=1
Cmd: compileSnippet
  api=1 type=1 insize=3103 outsize=106 kw= pd= ok=1
Cmd: compileSnippet
  api=8 type=1 insize=3103 outsize=1048 kw= pd=UNITY_NO_SCREENSPACE_SHADOWS UNITY_NO_LINEAR_COLORSPACE ok=1
Cmd: compileSnippet
  api=1 type=0 insize=6317 outsize=742 kw=LIGHTMAP_OFF DIRLIGHTMAP_OFF DYNAMICLIGHTMAP_OFF HDR_LIGHT_PREPASS_OFF pd= ok=1
Cmd: compileSnippet
  api=4 type=0 insize=6317 outsize=4166 kw=LIGHTMAP_OFF DIRLIGHTMAP_OFF DYNAMICLIGHTMAP_OFF HDR_LIGHT_PREPASS_OFF pd= ok=1
Cmd: compileSnippet
  api=8 type=0 insize=6317 outsize=5956 kw=LIGHTMAP_OFF DIRLIGHTMAP_OFF DYNAMICLIGHTMAP_OFF HDR_LIGHT_PREPASS_OFF pd=UNITY_NO_SCREENSPACE_SHADOWS UNITY_NO_LINEAR_COLORSPACE ok=1
Cmd: compileSnippet
  api=1 type=0 insize=6317 outsize=742 kw=LIGHTMAP_OFF DIRLIGHTMAP_OFF DYNAMICLIGHTMAP_OFF UNITY_HDR_ON pd= ok=1
Cmd: compileSnippet
  api=4 type=0 insize=6317 outsize=4166 kw=LIGHTMAP_OFF DIRLIGHTMAP_OFF DYNAMICLIGHTMAP_OFF UNITY_HDR_ON pd= ok=1
Cmd: compileSnippet
  api=1 type=1 insize=6317 outsize=460 kw=LIGHTMAP_OFF DIRLIGHTMAP_OFF DYNAMICLIGHTMAP_OFF HDR_LIGHT_PREPASS_OFF pd= ok=1
Cmd: compileSnippet
  api=8 type=1 insize=6317 outsize=2754 kw=LIGHTMAP_OFF DIRLIGHTMAP_OFF DYNAMICLIGHTMAP_OFF HDR_LIGHT_PREPASS_OFF pd=UNITY_NO_SCREENSPACE_SHADOWS UNITY_NO_LINEAR_COLORSPACE ok=1
Cmd: compileSnippet
  api=8 type=1 insize=6317 outsize=2600 kw=LIGHTMAP_OFF DIRLIGHTMAP_OFF DYNAMICLIGHTMAP_OFF UNITY_HDR_ON pd=UNITY_NO_SCREENSPACE_SHADOWS UNITY_NO_LINEAR_COLORSPACE ok=1
Cmd: compileSnippet
  api=1 type=0 insize=6482 outsize=630 kw=LIGHTMAP_OFF DIRLIGHTMAP_OFF DYNAMICLIGHTMAP_OFF HDR_LIGHT_PREPASS_OFF pd= ok=1
Cmd: compileSnippet
  api=4 type=0 insize=6482 outsize=3890 kw=LIGHTMAP_OFF DIRLIGHTMAP_OFF DYNAMICLIGHTMAP_OFF HDR_LIGHT_PREPASS_OFF pd= ok=1
Cmd: compileSnippet
  api=8 type=0 insize=6482 outsize=5525 kw=LIGHTMAP_OFF DIRLIGHTMAP_OFF DYNAMICLIGHTMAP_OFF HDR_LIGHT_PREPASS_OFF pd=UNITY_NO_SCREENSPACE_SHADOWS UNITY_NO_LINEAR_COLORSPACE ok=1
Cmd: compileSnippet
  api=1 type=0 insize=6482 outsize=630 kw=LIGHTMAP_OFF DIRLIGHTMAP_OFF DYNAMICLIGHTMAP_OFF UNITY_HDR_ON pd= ok=1
Cmd: compileSnippet
  api=4 type=0 insize=6482 outsize=3890 kw=LIGHTMAP_OFF DIRLIGHTMAP_OFF DYNAMICLIGHTMAP_OFF UNITY_HDR_ON pd= ok=1
Cmd: compileSnippet
  api=8 type=0 insize=6482 outsize=5525 kw=LIGHTMAP_OFF DIRLIGHTMAP_OFF DYNAMICLIGHTMAP_OFF UNITY_HDR_ON pd=UNITY_NO_SCREENSPACE_SHADOWS UNITY_NO_LINEAR_COLORSPACE ok=1
Cmd: compileSnippet
  api=1 type=1 insize=6482 outsize=460 kw=LIGHTMAP_OFF DIRLIGHTMAP_OFF DYNAMICLIGHTMAP_OFF HDR_LIGHT_PREPASS_OFF pd= ok=1
Cmd: compileSnippet
  api=8 type=1 insize=6482 outsize=2795 kw=LIGHTMAP_OFF DIRLIGHTMAP_OFF DYNAMICLIGHTMAP_OFF HDR_LIGHT_PREPASS_OFF pd=UNITY_NO_SCREENSPACE_SHADOWS UNITY_NO_LINEAR_COLORSPACE ok=1
Cmd: compileSnippet
  api=8 type=1 insize=6482 outsize=2673 kw=LIGHTMAP_OFF DIRLIGHTMAP_OFF DYNAMICLIGHTMAP_OFF UNITY_HDR_ON pd=UNITY_NO_SCREENSPACE_SHADOWS UNITY_NO_LINEAR_COLORSPACE ok=1
Cmd: compileSnippet
  api=1 type=0 insize=7987 outsize=1077 kw=DIRECTIONAL SHADOWS_OFF LIGHTMAP_OFF DIRLIGHTMAP_OFF DYNAMICLIGHTMAP_OFF pd= ok=1
Cmd: compileSnippet
  api=0 type=0 insize=7987 outsize=5085 kw=DIRECTIONAL SHADOWS_SCREEN LIGHTMAP_OFF DIRLIGHTMAP_OFF DYNAMICLIGHTMAP_OFF pd= ok=1
Cmd: compileSnippet
  api=1 type=0 insize=7987 outsize=1617 kw=DIRECTIONAL SHADOWS_OFF LIGHTMAP_OFF DIRLIGHTMAP_OFF DYNAMICLIGHTMAP_OFF VERTEXLIGHT_ON pd= ok=1
Cmd: compileSnippet
  api=4 type=0 insize=7987 outsize=6360 kw=DIRECTIONAL SHADOWS_OFF LIGHTMAP_OFF DIRLIGHTMAP_OFF DYNAMICLIGHTMAP_OFF VERTEXLIGHT_ON pd= ok=1
Cmd: compileSnippet
  api=0 type=0 insize=7987 outsize=6273 kw=DIRECTIONAL SHADOWS_SCREEN LIGHTMAP_OFF DIRLIGHTMAP_OFF DYNAMICLIGHTMAP_OFF VERTEXLIGHT_ON pd= ok=1
Cmd: compileSnippet
  api=1 type=1 insize=7987 outsize=1049 kw=DIRECTIONAL SHADOWS_OFF LIGHTMAP_OFF DIRLIGHTMAP_OFF DYNAMICLIGHTMAP_OFF pd= ok=1
Cmd: compileSnippet
  api=1 type=0 insize=5163 outsize=841 kw=POINT pd= ok=1
Cmd: compileSnippet
  api=4 type=0 insize=5163 outsize=4020 kw=POINT pd= ok=1
Cmd: compileSnippet
  api=0 type=0 insize=5163 outsize=3297 kw=DIRECTIONAL pd= ok=1
Cmd: compileSnippet
  api=1 type=0 insize=5163 outsize=841 kw=SPOT pd= ok=1
Cmd: compileSnippet
  api=4 type=0 insize=5163 outsize=4020 kw=SPOT pd= ok=1
Cmd: compileSnippet
  api=0 type=0 insize=5163 outsize=3732 kw=POINT_COOKIE pd= ok=1
Cmd: compileSnippet
  api=1 type=0 insize=5163 outsize=841 kw=DIRECTIONAL_COOKIE pd= ok=1
Cmd: compileSnippet
  api=4 type=0 insize=5163 outsize=4020 kw=DIRECTIONAL_COOKIE pd= ok=1
Cmd: compileSnippet
  api=1 type=1 insize=5163 outsize=1017 kw=POINT pd= ok=1
Cmd: compileSnippet
  api=0 type=1 insize=5163 outsize=6 kw=DIRECTIONAL pd= ok=1
Cmd: compileSnippet
  api=0 type=1 insize=5163 outsize=6 kw=SPOT pd= ok=1
Cmd: compileSnippet
  api=1 type=1 insize=5163 outsize=1156 kw=SPOT pd= ok=1
Cmd: compileSnippet
  api=0 type=1 insize=5163 outsize=6 kw=POINT_COOKIE pd= ok=1
Cmd: compileSnippet
  api=1 type=1 insize=5163 outsize=1067 kw=POINT_COOKIE pd= ok=1
Cmd: compileSnippet
  api=0 type=1 insize=5163 outsize=6 kw=DIRECTIONAL_COOKIE pd= ok=1
Cmd: compileSnippet
  api=1 type=1 insize=5163 outsize=951 kw=DIRECTIONAL_COOKIE pd= ok=1
Cmd: compileSnippet
  api=1 type=0 insize=4331 outsize=777 kw= pd= ok=1
Cmd: compileSnippet
  api=4 type=0 insize=4331 outsize=3979 kw= pd= ok=1
Cmd: compileSnippet
  api=1 type=1 insize=4331 outsize=399 kw= pd= ok=1
Cmd: compileSnippet
  api=1 type=0 insize=6803 outsize=839 kw=LIGHTMAP_OFF DIRLIGHTMAP_OFF DYNAMICLIGHTMAP_OFF HDR_LIGHT_PREPASS_OFF pd= ok=1
Cmd: compileSnippet
  api=4 type=0 insize=6803 outsize=4166 kw=LIGHTMAP_OFF DIRLIGHTMAP_OFF DYNAMICLIGHTMAP_OFF HDR_LIGHT_PREPASS_OFF pd= ok=1
Cmd: compileSnippet
  api=0 type=0 insize=6803 outsize=3091 kw=LIGHTMAP_OFF DIRLIGHTMAP_OFF DYNAMICLIGHTMAP_OFF UNITY_HDR_ON pd= ok=1
Cmd: compileSnippet
  api=1 type=1 insize=6803 outsize=456 kw=LIGHTMAP_OFF DIRLIGHTMAP_OFF DYNAMICLIGHTMAP_OFF HDR_LIGHT_PREPASS_OFF pd= ok=1
Cmd: compileSnippet
  api=0 type=1 insize=6803 outsize=6 kw=LIGHTMAP_OFF DIRLIGHTMAP_OFF DYNAMICLIGHTMAP_OFF UNITY_HDR_ON pd= ok=1
Cmd: compileSnippet
  api=1 type=1 insize=6803 outsize=362 kw=LIGHTMAP_OFF DIRLIGHTMAP_OFF DYNAMICLIGHTMAP_OFF UNITY_HDR_ON pd= ok=1
Cmd: compileSnippet
  api=1 type=0 insize=7835 outsize=1077 kw=LIGHTMAP_OFF DIRLIGHTMAP_OFF DYNAMICLIGHTMAP_OFF HDR_LIGHT_PREPASS_OFF pd= ok=1
Cmd: compileSnippet
  api=4 type=0 insize=7835 outsize=4946 kw=LIGHTMAP_OFF DIRLIGHTMAP_OFF DYNAMICLIGHTMAP_OFF HDR_LIGHT_PREPASS_OFF pd= ok=1
Cmd: compileSnippet
  api=0 type=0 insize=7835 outsize=4501 kw=LIGHTMAP_OFF DIRLIGHTMAP_OFF DYNAMICLIGHTMAP_OFF UNITY_HDR_ON pd= ok=1
Cmd: compileSnippet
  api=1 type=1 insize=7835 outsize=812 kw=LIGHTMAP_OFF DIRLIGHTMAP_OFF DYNAMICLIGHTMAP_OFF HDR_LIGHT_PREPASS_OFF pd= ok=1
Cmd: compileSnippet
  api=0 type=1 insize=7835 outsize=6 kw=LIGHTMAP_OFF DIRLIGHTMAP_OFF DYNAMICLIGHTMAP_OFF UNITY_HDR_ON pd= ok=1
Cmd: compileSnippet
  api=1 type=1 insize=7835 outsize=753 kw=LIGHTMAP_OFF DIRLIGHTMAP_OFF DYNAMICLIGHTMAP_OFF UNITY_HDR_ON pd= ok=1
Cmd: compileSnippet
  api=1 type=0 insize=4832 outsize=981 kw= pd= ok=1
Cmd: compileSnippet
  api=8 type=0 insize=4832 outsize=5988 kw= pd=UNITY_NO_SCREENSPACE_SHADOWS UNITY_NO_LINEAR_COLORSPACE ok=1
Cmd: compileSnippet
  api=4 type=0 insize=4832 outsize=4849 kw=POINT pd= ok=1
Cmd: compileSnippet
  api=8 type=0 insize=4832 outsize=7191 kw=POINT pd=UNITY_NO_SCREENSPACE_SHADOWS UNITY_NO_LINEAR_COLORSPACE ok=1
Cmd: compileSnippet
  api=4 type=0 insize=4832 outsize=5214 kw=SPOT pd= ok=1
Cmd: compileSnippet
  api=1 type=1 insize=4832 outsize=216 kw= pd= ok=1
Cmd: compileSnippet
  api=8 type=1 insize=4832 outsize=1836 kw= pd=UNITY_NO_SCREENSPACE_SHADOWS UNITY_NO_LINEAR_COLORSPACE ok=1
Cmd: compileSnippet
  api=8 type=1 insize=4832 outsize=1836 kw=POINT pd=UNITY_NO_SCREENSPACE_SHADOWS UNITY_NO_LINEAR_COLORSPACE ok=1
Cmd: compileSnippet
  api=1 type=1 insize=4832 outsize=216 kw=SPOT pd= ok=1
Cmd: compileSnippet
  api=8 type=1 insize=4832 outsize=1836 kw=SPOT pd=UNITY_NO_SCREENSPACE_SHADOWS UNITY_NO_LINEAR_COLORSPACE ok=1
Cmd: compileSnippet
  api=1 type=0 insize=6845 outsize=580 kw=DIRECTIONAL LIGHTMAP_OFF DIRLIGHTMAP_OFF DYNAMICLIGHTMAP_OFF pd= ok=1
Cmd: compileSnippet
  api=8 type=0 insize=6845 outsize=5233 kw=DIRECTIONAL LIGHTMAP_OFF DIRLIGHTMAP_OFF DYNAMICLIGHTMAP_OFF pd=UNITY_NO_SCREENSPACE_SHADOWS UNITY_NO_LINEAR_COLORSPACE ok=1
Cmd: compileSnippet
  api=0 type=0 insize=6845 outsize=3488 kw=DIRECTIONAL LIGHTMAP_OFF DIRLIGHTMAP_OFF DYNAMICLIGHTMAP_OFF VERTEXLIGHT_ON pd= ok=1
Cmd: compileSnippet
  api=8 type=0 insize=6845 outsize=7605 kw=DIRECTIONAL LIGHTMAP_OFF DIRLIGHTMAP_OFF DYNAMICLIGHTMAP_OFF VERTEXLIGHT_ON pd=UNITY_NO_SCREENSPACE_SHADOWS UNITY_NO_LINEAR_COLORSPACE ok=1
Cmd: compileSnippet
  api=1 type=1 insize=6845 outsize=241 kw=DIRECTIONAL LIGHTMAP_OFF DIRLIGHTMAP_OFF DYNAMICLIGHTMAP_OFF pd= ok=1
Cmd: compileSnippet
  api=1 type=0 insize=3617 outsize=339 kw=POINT pd= ok=1
Cmd: compileSnippet
  api=4 type=0 insize=3617 outsize=2753 kw=POINT pd= ok=1
Cmd: compileSnippet
  api=8 type=0 insize=3617 outsize=3892 kw=POINT pd=UNITY_NO_SCREENSPACE_SHADOWS UNITY_NO_LINEAR_COLORSPACE ok=1
Cmd: compileSnippet
  api=1 type=0 insize=3617 outsize=339 kw=DIRECTIONAL pd= ok=1
Cmd: compileSnippet
  api=8 type=0 insize=3617 outsize=3892 kw=DIRECTIONAL pd=UNITY_NO_SCREENSPACE_SHADOWS UNITY_NO_LINEAR_COLORSPACE ok=1
Cmd: compileSnippet
  api=0 type=0 insize=3617 outsize=1911 kw=SPOT pd= ok=1
Cmd: compileSnippet
  api=0 type=0 insize=3617 outsize=1855 kw=POINT_COOKIE pd= ok=1
Cmd: compileSnippet
  api=0 type=0 insize=3617 outsize=1672 kw=DIRECTIONAL_COOKIE pd= ok=1
Cmd: compileSnippet
  api=8 type=0 insize=3617 outsize=3892 kw=DIRECTIONAL_COOKIE pd=UNITY_NO_SCREENSPACE_SHADOWS UNITY_NO_LINEAR_COLORSPACE ok=1
Cmd: compileSnippet
  api=1 type=1 insize=3617 outsize=403 kw=POINT pd= ok=1
Cmd: compileSnippet
  api=8 type=1 insize=3617 outsize=2852 kw=POINT pd=UNITY_NO_SCREENSPACE_SHADOWS UNITY_NO_LINEAR_COLORSPACE ok=1
Cmd: compileSnippet
  api=0 type=1 insize=3617 outsize=6 kw=SPOT pd= ok=1
Cmd: compileSnippet
  api=1 type=1 insize=3617 outsize=560 kw=SPOT pd= ok=1
Cmd: compileSnippet
  api=8 type=1 insize=3617 outsize=3551 kw=SPOT pd=UNITY_NO_SCREENSPACE_SHADOWS UNITY_NO_LINEAR_COLORSPACE ok=1
Cmd: compileSnippet
  api=4 type=1 insize=3617 outsize=2135 kw=POINT_COOKIE pd= ok=1
Cmd: compileSnippet
  api=0 type=1 insize=3617 outsize=6 kw=DIRECTIONAL_COOKIE pd= ok=1
Cmd: compileSnippet
  api=1 type=1 insize=3617 outsize=330 kw=DIRECTIONAL_COOKIE pd= ok=1
Cmd: compileSnippet
  api=8 type=1 insize=3617 outsize=2486 kw=DIRECTIONAL_COOKIE pd=UNITY_NO_SCREENSPACE_SHADOWS UNITY_NO_LINEAR_COLORSPACE ok=1
Cmd: compileSnippet
  api=1 type=0 insize=4587 outsize=1014 kw= pd= ok=1
Cmd: compileSnippet
  api=8 type=0 insize=4587 outsize=6045 kw= pd=UNITY_NO_SCREENSPACE_SHADOWS UNITY_NO_LINEAR_COLORSPACE ok=1
Cmd: compileSnippet
  api=4 type=0 insize=4587 outsize=4833 kw=POINT pd= ok=1
Cmd: compileSnippet
  api=8 type=0 insize=4587 outsize=7248 kw=POINT pd=UNITY_NO_SCREENSPACE_SHADOWS UNITY_NO_LINEAR_COLORSPACE ok=1
Cmd: compileSnippet
  api=4 type=0 insize=4587 outsize=5198 kw=SPOT pd= ok=1
Cmd: compileSnippet
  api=1 type=1 insize=4587 outsize=174 kw= pd= ok=1
Cmd: compileSnippet
  api=8 type=1 insize=4587 outsize=1438 kw= pd=UNITY_NO_SCREENSPACE_SHADOWS UNITY_NO_LINEAR_COLORSPACE ok=1
Cmd: compileSnippet
  api=8 type=1 insize=4587 outsize=1438 kw=POINT pd=UNITY_NO_SCREENSPACE_SHADOWS UNITY_NO_LINEAR_COLORSPACE ok=1
Cmd: compileSnippet
  api=1 type=1 insize=4587 outsize=174 kw=SPOT pd= ok=1
Cmd: compileSnippet
  api=8 type=1 insize=4587 outsize=1438 kw=SPOT pd=UNITY_NO_SCREENSPACE_SHADOWS UNITY_NO_LINEAR_COLORSPACE ok=1
Cmd: compileSnippet
  api=1 type=0 insize=1812 outsize=290 kw= pd= ok=1
Cmd: compileSnippet
  api=4 type=0 insize=1812 outsize=1542 kw= pd= ok=1
Cmd: compileSnippet
  api=8 type=0 insize=1812 outsize=2251 kw= pd=UNITY_NO_SCREENSPACE_SHADOWS UNITY_NO_LINEAR_COLORSPACE ok=1
Cmd: compileSnippet
  api=1 type=1 insize=1812 outsize=200 kw= pd= ok=1
Cmd: compileSnippet
  api=8 type=1 insize=1812 outsize=1690 kw= pd=UNITY_NO_SCREENSPACE_SHADOWS UNITY_NO_LINEAR_COLORSPACE ok=1
Cmd: compileSnippet
  api=1 type=0 insize=2087 outsize=318 kw= pd= ok=1
Cmd: compileSnippet
  api=4 type=0 insize=2087 outsize=1704 kw= pd= ok=1
Cmd: compileSnippet
  api=8 type=0 insize=2087 outsize=2454 kw= pd=UNITY_NO_SCREENSPACE_SHADOWS UNITY_NO_LINEAR_COLORSPACE ok=1
Cmd: compileSnippet
  api=1 type=1 insize=2087 outsize=267 kw= pd= ok=1
Cmd: compileSnippet
  api=8 type=1 insize=2087 outsize=1991 kw= pd=UNITY_NO_SCREENSPACE_SHADOWS UNITY_NO_LINEAR_COLORSPACE ok=1
Cmd: compileSnippet
  api=1 type=0 insize=1333 outsize=495 kw= pd= ok=1
Cmd: compileSnippet
  api=8 type=0 insize=1333 outsize=2299 kw= pd=UNITY_NO_SCREENSPACE_SHADOWS UNITY_NO_LINEAR_COLORSPACE ok=1
Cmd: compileSnippet
  api=1 type=1 insize=1333 outsize=240 kw= pd= ok=1
Cmd: compileSnippet
  api=1 type=0 insize=1329 outsize=495 kw= pd= ok=1
Cmd: compileSnippet
  api=8 type=0 insize=1329 outsize=2299 kw= pd=UNITY_NO_SCREENSPACE_SHADOWS UNITY_NO_LINEAR_COLORSPACE ok=1
Cmd: compileSnippet
  api=1 type=1 insize=1329 outsize=240 kw= pd= ok=1
Cmd: compileSnippet
  api=1 type=0 insize=1329 outsize=495 kw= pd= ok=1
Cmd: compileSnippet
  api=8 type=0 insize=1329 outsize=2299 kw= pd=UNITY_NO_SCREENSPACE_SHADOWS UNITY_NO_LINEAR_COLORSPACE ok=1
Cmd: compileSnippet
  api=1 type=1 insize=1329 outsize=240 kw= pd= ok=1
Cmd: compileSnippet
  api=1 type=0 insize=1333 outsize=495 kw= pd= ok=1
Cmd: compileSnippet
  api=8 type=0 insize=1333 outsize=2299 kw= pd=UNITY_NO_SCREENSPACE_SHADOWS UNITY_NO_LINEAR_COLORSPACE ok=1
Cmd: compileSnippet
  api=1 type=1 insize=1333 outsize=240 kw= pd= ok=1
Cmd: compileSnippet
  api=1 type=0 insize=1321 outsize=495 kw= pd= ok=1
Cmd: compileSnippet
  api=8 type=0 insize=1321 outsize=2299 kw= pd=UNITY_NO_SCREENSPACE_SHADOWS UNITY_NO_LINEAR_COLORSPACE ok=1
Cmd: compileSnippet
  api=1 type=1 insize=1321 outsize=240 kw= pd= ok=1
Cmd: compileSnippet
  api=1 type=0 insize=1331 outsize=495 kw= pd= ok=1
Cmd: compileSnippet
  api=8 type=0 insize=1331 outsize=2299 kw= pd=UNITY_NO_SCREENSPACE_SHADOWS UNITY_NO_LINEAR_COLORSPACE ok=1
Cmd: compileSnippet
  api=1 type=1 insize=1331 outsize=240 kw= pd= ok=1
Cmd: compileSnippet
  api=1 type=0 insize=13030 outsize=4385 kw=_SUNDISK_NONE pd= ok=1
Cmd: compileSnippet
  api=4 type=0 insize=13030 outsize=11073 kw=_SUNDISK_NONE pd= ok=1
Cmd: compileSnippet
  api=0 type=0 insize=13030 outsize=6436 kw=_SUNDISK_SIMPLE pd= ok=1
Cmd: compileSnippet
  api=1 type=0 insize=13030 outsize=4402 kw=_SUNDISK_SIMPLE pd= ok=1
Cmd: compileSnippet
  api=8 type=0 insize=13030 outsize=18029 kw=_SUNDISK_SIMPLE pd=UNITY_NO_SCREENSPACE_SHADOWS UNITY_NO_LINEAR_COLORSPACE ok=1
Cmd: compileSnippet
  api=4 type=0 insize=13030 outsize=11268 kw=_SUNDISK_HIGH_QUALITY pd= ok=1
Cmd: compileSnippet
  api=0 type=0 insize=13030 outsize=5524 kw=UNITY_COLORSPACE_GAMMA _SUNDISK_NONE pd= ok=1
Cmd: compileSnippet
  api=1 type=0 insize=13030 outsize=4081 kw=UNITY_COLORSPACE_GAMMA _SUNDISK_NONE pd= ok=1
Cmd: compileSnippet
  api=8 type=0 insize=13030 outsize=17038 kw=UNITY_COLORSPACE_GAMMA _SUNDISK_NONE pd=UNITY_NO_SCREENSPACE_SHADOWS UNITY_NO_LINEAR_COLORSPACE ok=1
Cmd: compileSnippet
  api=8 type=0 insize=13030 outsize=17314 kw=UNITY_COLORSPACE_GAMMA _SUNDISK_SIMPLE pd=UNITY_NO_SCREENSPACE_SHADOWS UNITY_NO_LINEAR_COLORSPACE ok=1
Cmd: compileSnippet
  api=4 type=0 insize=13030 outsize=11024 kw=UNITY_COLORSPACE_GAMMA _SUNDISK_HIGH_QUALITY pd= ok=1
Cmd: compileSnippet
  api=0 type=1 insize=13030 outsize=6 kw=_SUNDISK_NONE pd= ok=1
Cmd: compileSnippet
  api=4 type=1 insize=13030 outsize=868 kw=_SUNDISK_NONE pd= ok=1
Cmd: compileSnippet
  api=0 type=1 insize=13030 outsize=6 kw=_SUNDISK_SIMPLE pd= ok=1
Cmd: compileSnippet
  api=1 type=1 insize=13030 outsize=564 kw=_SUNDISK_SIMPLE pd= ok=1
Cmd: compileSnippet
  api=8 type=1 insize=13030 outsize=2836 kw=_SUNDISK_SIMPLE pd=UNITY_NO_SCREENSPACE_SHADOWS UNITY_NO_LINEAR_COLORSPACE ok=1
Cmd: compileSnippet
  api=8 type=1 insize=13030 outsize=3575 kw=_SUNDISK_HIGH_QUALITY pd=UNITY_NO_SCREENSPACE_SHADOWS UNITY_NO_LINEAR_COLORSPACE ok=1
Cmd: compileSnippet
  api=4 type=1 insize=13030 outsize=908 kw=UNITY_COLORSPACE_GAMMA _SUNDISK_NONE pd= ok=1
Cmd: compileSnippet
  api=0 type=1 insize=13030 outsize=6 kw=UNITY_COLORSPACE_GAMMA _SUNDISK_SIMPLE pd= ok=1
Cmd: compileSnippet
  api=1 type=1 insize=13030 outsize=672 kw=UNITY_COLORSPACE_GAMMA _SUNDISK_SIMPLE pd= ok=1
Cmd: compileSnippet
  api=0 type=1 insize=13030 outsize=6 kw=UNITY_COLORSPACE_GAMMA _SUNDISK_HIGH_QUALITY pd= ok=1
Cmd: compileSnippet
  api=1 type=1 insize=13030 outsize=835 kw=UNITY_COLORSPACE_GAMMA _SUNDISK_HIGH_QUALITY pd= ok=1
Cmd: compileSnippet
  api=8 type=1 insize=13030 outsize=3762 kw=UNITY_COLORSPACE_GAMMA _SUNDISK_HIGH_QUALITY pd=UNITY_NO_SCREENSPACE_SHADOWS UNITY_NO_LINEAR_COLORSPACE ok=1
Cmd: compileSnippet
  api=0 type=0 insize=4597 outsize=2600 kw= pd= ok=1
Cmd: compileSnippet
  api=4 type=0 insize=4597 outsize=4093 kw= pd= ok=1
Cmd: compileSnippet
  api=0 type=0 insize=4597 outsize=3159 kw=POINT pd= ok=1
Cmd: compileSnippet
  api=1 type=0 insize=4597 outsize=1310 kw=POINT pd= ok=1
Cmd: compileSnippet
  api=8 type=0 insize=4597 outsize=7248 kw=POINT pd=UNITY_NO_SCREENSPACE_SHADOWS UNITY_NO_LINEAR_COLORSPACE ok=1
Cmd: compileSnippet
  api=4 type=0 insize=4597 outsize=5198 kw=SPOT pd= ok=1
Cmd: compileSnippet
  api=1 type=1 insize=4597 outsize=172 kw= pd= ok=1
Cmd: compileSnippet
  api=8 type=1 insize=4597 outsize=1414 kw= pd=UNITY_NO_SCREENSPACE_SHADOWS UNITY_NO_LINEAR_COLORSPACE ok=1
Cmd: compileSnippet
  api=1 type=1 insize=4597 outsize=172 kw=POINT pd= ok=1
Cmd: compileSnippet
  api=8 type=1 insize=4597 outsize=1414 kw=POINT pd=UNITY_NO_SCREENSPACE_SHADOWS UNITY_NO_LINEAR_COLORSPACE ok=1
Cmd: compileSnippet
  api=1 type=1 insize=4597 outsize=172 kw=SPOT pd= ok=1
Cmd: compileSnippet
  api=8 type=1 insize=4597 outsize=1414 kw=SPOT pd=UNITY_NO_SCREENSPACE_SHADOWS UNITY_NO_LINEAR_COLORSPACE ok=1
Cmd: compileSnippet
  api=0 type=0 insize=1807 outsize=952 kw= pd= ok=1
Cmd: compileSnippet
  api=1 type=1 insize=1807 outsize=206 kw= pd= ok=1
Cmd: compileSnippet
  api=8 type=1 insize=1807 outsize=1666 kw= pd=UNITY_NO_SCREENSPACE_SHADOWS UNITY_NO_LINEAR_COLORSPACE ok=1
Cmd: compileSnippet
  api=1 type=0 insize=2082 outsize=287 kw= pd= ok=1
Cmd: compileSnippet
  api=4 type=0 insize=2082 outsize=1648 kw= pd= ok=1
Cmd: compileSnippet
  api=8 type=0 insize=2082 outsize=2332 kw= pd=UNITY_NO_SCREENSPACE_SHADOWS UNITY_NO_LINEAR_COLORSPACE ok=1
Cmd: compileSnippet
  api=1 type=1 insize=2082 outsize=254 kw= pd= ok=1
Cmd: compileSnippet
  api=8 type=1 insize=2082 outsize=1918 kw= pd=UNITY_NO_SCREENSPACE_SHADOWS UNITY_NO_LINEAR_COLORSPACE ok=1
Cmd: compileSnippet
  api=1 type=0 insize=541 outsize=832 kw=SHADOWS_DEPTH pd= ok=1
Cmd: compileSnippet
  api=8 type=0 insize=541 outsize=5395 kw=SHADOWS_DEPTH pd=UNITY_NO_SCREENSPACE_SHADOWS UNITY_NO_LINEAR_COLORSPACE ok=1
Cmd: compileSnippet
  api=4 type=0 insize=541 outsize=1420 kw=SHADOWS_CUBE pd= ok=1
Cmd: compileSnippet
  api=1 type=1 insize=541 outsize=61 kw=SHADOWS_DEPTH pd= ok=1
Cmd: compileSnippet
  api=8 type=1 insize=541 outsize=674 kw=SHADOWS_DEPTH pd=UNITY_NO_SCREENSPACE_SHADOWS UNITY_NO_LINEAR_COLORSPACE ok=1
Cmd: compileSnippet
  api=4 type=1 insize=541 outsize=697 kw=SHADOWS_CUBE pd= ok=1
Cmd: compileSnippet
  api=1 type=0 insize=6924 outsize=580 kw=DIRECTIONAL SHADOWS_OFF LIGHTMAP_OFF DIRLIGHTMAP_OFF DYNAMICLIGHTMAP_OFF pd= ok=1
Cmd: compileSnippet
  api=8 type=0 insize=6924 outsize=5233 kw=DIRECTIONAL SHADOWS_OFF LIGHTMAP_OFF DIRLIGHTMAP_OFF DYNAMICLIGHTMAP_OFF pd=UNITY_NO_SCREENSPACE_SHADOWS UNITY_NO_LINEAR_COLORSPACE ok=1
Cmd: compileSnippet
  api=1 type=0 insize=6924 outsize=708 kw=DIRECTIONAL SHADOWS_SCREEN LIGHTMAP_OFF DIRLIGHTMAP_OFF DYNAMICLIGHTMAP_OFF pd= ok=1
Cmd: compileSnippet
  api=0 type=0 insize=6924 outsize=3536 kw=DIRECTIONAL SHADOWS_OFF LIGHTMAP_OFF DIRLIGHTMAP_OFF DYNAMICLIGHTMAP_OFF VERTEXLIGHT_ON pd= ok=1
Cmd: compileSnippet
  api=4 type=0 insize=6924 outsize=5117 kw=DIRECTIONAL SHADOWS_OFF LIGHTMAP_OFF DIRLIGHTMAP_OFF DYNAMICLIGHTMAP_OFF VERTEXLIGHT_ON pd= ok=1
Cmd: compileSnippet
  api=0 type=0 insize=6924 outsize=4012 kw=DIRECTIONAL SHADOWS_SCREEN LIGHTMAP_OFF DIRLIGHTMAP_OFF DYNAMICLIGHTMAP_OFF VERTEXLIGHT_ON pd= ok=1
Cmd: compileSnippet
  api=8 type=0 insize=6924 outsize=6289 kw=DIRECTIONAL SHADOWS_SCREEN SHADOWS_NATIVE LIGHTMAP_OFF DIRLIGHTMAP_OFF DYNAMICLIGHTMAP_OFF pd=UNITY_NO_SCREENSPACE_SHADOWS UNITY_NO_LINEAR_COLORSPACE ok=1
Cmd: compileSnippet
  api=1 type=1 insize=6924 outsize=263 kw=DIRECTIONAL SHADOWS_OFF LIGHTMAP_OFF DIRLIGHTMAP_OFF DYNAMICLIGHTMAP_OFF pd= ok=1
Cmd: compileSnippet
  api=0 type=1 insize=6924 outsize=6 kw=DIRECTIONAL SHADOWS_SCREEN LIGHTMAP_OFF DIRLIGHTMAP_OFF DYNAMICLIGHTMAP_OFF pd= ok=1
Cmd: compileSnippet
  api=1 type=1 insize=6924 outsize=328 kw=DIRECTIONAL SHADOWS_SCREEN LIGHTMAP_OFF DIRLIGHTMAP_OFF DYNAMICLIGHTMAP_OFF pd= ok=1
Cmd: compileSnippet
  api=1 type=0 insize=3695 outsize=339 kw=POINT pd= ok=1
Cmd: compileSnippet
  api=4 type=0 insize=3695 outsize=2753 kw=POINT pd= ok=1
Cmd: compileSnippet
  api=8 type=0 insize=3695 outsize=3892 kw=POINT pd=UNITY_NO_SCREENSPACE_SHADOWS UNITY_NO_LINEAR_COLORSPACE ok=1
Cmd: compileSnippet
  api=1 type=0 insize=3695 outsize=339 kw=DIRECTIONAL pd= ok=1
Cmd: compileSnippet
  api=8 type=0 insize=3695 outsize=3892 kw=DIRECTIONAL pd=UNITY_NO_SCREENSPACE_SHADOWS UNITY_NO_LINEAR_COLORSPACE ok=1
Cmd: compileSnippet
  api=0 type=0 insize=3695 outsize=1959 kw=SPOT pd= ok=1
Cmd: compileSnippet
  api=0 type=0 insize=3695 outsize=1903 kw=POINT_COOKIE pd= ok=1
Cmd: compileSnippet
  api=0 type=0 insize=3695 outsize=1720 kw=DIRECTIONAL_COOKIE pd= ok=1
Cmd: compileSnippet
  api=1 type=1 insize=3695 outsize=428 kw=POINT pd= ok=1
Cmd: compileSnippet
  api=8 type=1 insize=3695 outsize=2876 kw=POINT pd=UNITY_NO_SCREENSPACE_SHADOWS UNITY_NO_LINEAR_COLORSPACE ok=1
Cmd: compileSnippet
  api=0 type=1 insize=3695 outsize=6 kw=SPOT pd= ok=1
Cmd: compileSnippet
  api=1 type=1 insize=3695 outsize=585 kw=SPOT pd= ok=1
Cmd: compileSnippet
  api=8 type=1 insize=3695 outsize=3575 kw=SPOT pd=UNITY_NO_SCREENSPACE_SHADOWS UNITY_NO_LINEAR_COLORSPACE ok=1
Cmd: compileSnippet
  api=8 type=1 insize=3695 outsize=3185 kw=POINT_COOKIE pd=UNITY_NO_SCREENSPACE_SHADOWS UNITY_NO_LINEAR_COLORSPACE ok=1
Cmd: compileSnippet
  api=8 type=1 insize=3695 outsize=2511 kw=DIRECTIONAL_COOKIE pd=UNITY_NO_SCREENSPACE_SHADOWS UNITY_NO_LINEAR_COLORSPACE ok=1
Cmd: compileSnippet
  api=1 type=0 insize=2902 outsize=293 kw= pd= ok=1
Cmd: compileSnippet
  api=4 type=0 insize=2902 outsize=2533 kw= pd= ok=1
Cmd: compileSnippet
  api=8 type=0 insize=2902 outsize=3583 kw= pd=UNITY_NO_SCREENSPACE_SHADOWS UNITY_NO_LINEAR_COLORSPACE ok=1
Cmd: compileSnippet
  api=1 type=1 insize=2902 outsize=106 kw= pd= ok=1
Cmd: compileSnippet
  api=8 type=1 insize=2902 outsize=983 kw= pd=UNITY_NO_SCREENSPACE_SHADOWS UNITY_NO_LINEAR_COLORSPACE ok=1
Cmd: compileSnippet
  api=1 type=0 insize=5962 outsize=707 kw=LIGHTMAP_OFF DIRLIGHTMAP_OFF DYNAMICLIGHTMAP_OFF HDR_LIGHT_PREPASS_OFF pd= ok=1
Cmd: compileSnippet
  api=4 type=0 insize=5962 outsize=4077 kw=LIGHTMAP_OFF DIRLIGHTMAP_OFF DYNAMICLIGHTMAP_OFF HDR_LIGHT_PREPASS_OFF pd= ok=1
Cmd: compileSnippet
  api=8 type=0 insize=5962 outsize=5826 kw=LIGHTMAP_OFF DIRLIGHTMAP_OFF DYNAMICLIGHTMAP_OFF HDR_LIGHT_PREPASS_OFF pd=UNITY_NO_SCREENSPACE_SHADOWS UNITY_NO_LINEAR_COLORSPACE ok=1
Cmd: compileSnippet
  api=1 type=0 insize=5962 outsize=707 kw=LIGHTMAP_OFF DIRLIGHTMAP_OFF DYNAMICLIGHTMAP_OFF UNITY_HDR_ON pd= ok=1
Cmd: compileSnippet
  api=4 type=0 insize=5962 outsize=4077 kw=LIGHTMAP_OFF DIRLIGHTMAP_OFF DYNAMICLIGHTMAP_OFF UNITY_HDR_ON pd= ok=1
Cmd: compileSnippet
  api=1 type=1 insize=5962 outsize=267 kw=LIGHTMAP_OFF DIRLIGHTMAP_OFF DYNAMICLIGHTMAP_OFF HDR_LIGHT_PREPASS_OFF pd= ok=1
Cmd: compileSnippet
  api=8 type=1 insize=5962 outsize=2039 kw=LIGHTMAP_OFF DIRLIGHTMAP_OFF DYNAMICLIGHTMAP_OFF HDR_LIGHT_PREPASS_OFF pd=UNITY_NO_SCREENSPACE_SHADOWS UNITY_NO_LINEAR_COLORSPACE ok=1
Cmd: compileSnippet
  api=8 type=1 insize=5962 outsize=1918 kw=LIGHTMAP_OFF DIRLIGHTMAP_OFF DYNAMICLIGHTMAP_OFF UNITY_HDR_ON pd=UNITY_NO_SCREENSPACE_SHADOWS UNITY_NO_LINEAR_COLORSPACE ok=1
Cmd: compileSnippet
  api=1 type=0 insize=6026 outsize=595 kw=LIGHTMAP_OFF DIRLIGHTMAP_OFF DYNAMICLIGHTMAP_OFF HDR_LIGHT_PREPASS_OFF pd= ok=1
Cmd: compileSnippet
  api=4 type=0 insize=6026 outsize=3801 kw=LIGHTMAP_OFF DIRLIGHTMAP_OFF DYNAMICLIGHTMAP_OFF HDR_LIGHT_PREPASS_OFF pd= ok=1
Cmd: compileSnippet
  api=8 type=0 insize=6026 outsize=5395 kw=LIGHTMAP_OFF DIRLIGHTMAP_OFF DYNAMICLIGHTMAP_OFF HDR_LIGHT_PREPASS_OFF pd=UNITY_NO_SCREENSPACE_SHADOWS UNITY_NO_LINEAR_COLORSPACE ok=1
Cmd: compileSnippet
  api=1 type=0 insize=6026 outsize=595 kw=LIGHTMAP_OFF DIRLIGHTMAP_OFF DYNAMICLIGHTMAP_OFF UNITY_HDR_ON pd= ok=1
Cmd: compileSnippet
  api=4 type=0 insize=6026 outsize=3801 kw=LIGHTMAP_OFF DIRLIGHTMAP_OFF DYNAMICLIGHTMAP_OFF UNITY_HDR_ON pd= ok=1
Cmd: compileSnippet
  api=1 type=1 insize=6026 outsize=355 kw=LIGHTMAP_OFF DIRLIGHTMAP_OFF DYNAMICLIGHTMAP_OFF HDR_LIGHT_PREPASS_OFF pd= ok=1
Cmd: compileSnippet
  api=8 type=1 insize=6026 outsize=2356 kw=LIGHTMAP_OFF DIRLIGHTMAP_OFF DYNAMICLIGHTMAP_OFF HDR_LIGHT_PREPASS_OFF pd=UNITY_NO_SCREENSPACE_SHADOWS UNITY_NO_LINEAR_COLORSPACE ok=1
Cmd: compileSnippet
  api=8 type=1 insize=6026 outsize=2234 kw=LIGHTMAP_OFF DIRLIGHTMAP_OFF DYNAMICLIGHTMAP_OFF UNITY_HDR_ON pd=UNITY_NO_SCREENSPACE_SHADOWS UNITY_NO_LINEAR_COLORSPACE ok=1
Cmd: compileSnippet
  api=1 type=0 insize=1275 outsize=441 kw=POINT SHADOWS_OFF pd= ok=1
Cmd: compileSnippet
  api=4 type=0 insize=1275 outsize=1956 kw=POINT SHADOWS_OFF pd= ok=1
Cmd: compileSnippet
  api=0 type=0 insize=1275 outsize=2533 kw=DIRECTIONAL SHADOWS_OFF pd= ok=1
Cmd: compileSnippet
  api=0 type=0 insize=1275 outsize=3063 kw=SPOT SHADOWS_OFF pd= ok=1
Cmd: compileSnippet
  api=1 type=0 insize=1275 outsize=441 kw=POINT_COOKIE SHADOWS_OFF pd= ok=1
Cmd: compileSnippet
  api=4 type=0 insize=1275 outsize=1956 kw=POINT_COOKIE SHADOWS_OFF pd= ok=1
Cmd: compileSnippet
  api=1 type=0 insize=1275 outsize=441 kw=DIRECTIONAL_COOKIE SHADOWS_OFF pd= ok=1
Cmd: compileSnippet
  api=4 type=0 insize=1275 outsize=1956 kw=DIRECTIONAL_COOKIE SHADOWS_OFF pd= ok=1
Cmd: compileSnippet
  api=0 type=0 insize=1275 outsize=3543 kw=SPOT SHADOWS_DEPTH SHADOWS_NATIVE pd= ok=1
Cmd: compileSnippet
  api=0 type=0 insize=1275 outsize=2849 kw=DIRECTIONAL SHADOWS_SCREEN pd= ok=1
Cmd: compileSnippet
  api=1 type=0 insize=1275 outsize=441 kw=DIRECTIONAL_COOKIE SHADOWS_SCREEN pd= ok=1
Cmd: compileSnippet
  api=4 type=0 insize=1275 outsize=1956 kw=DIRECTIONAL_COOKIE SHADOWS_SCREEN pd= ok=1
Cmd: compileSnippet
  api=1 type=0 insize=1275 outsize=441 kw=POINT SHADOWS_CUBE pd= ok=1
Cmd: compileSnippet
  api=4 type=0 insize=1275 outsize=1956 kw=POINT SHADOWS_CUBE pd= ok=1
Cmd: compileSnippet
  api=0 type=0 insize=1275 outsize=3486 kw=POINT_COOKIE SHADOWS_CUBE pd= ok=1
Cmd: compileSnippet
  api=1 type=0 insize=1275 outsize=441 kw=SPOT SHADOWS_DEPTH SHADOWS_SOFT SHADOWS_NATIVE pd= ok=1
Cmd: compileSnippet
  api=4 type=0 insize=1275 outsize=1956 kw=SPOT SHADOWS_DEPTH SHADOWS_SOFT SHADOWS_NATIVE pd= ok=1
Cmd: compileSnippet
  api=0 type=0 insize=1275 outsize=4193 kw=POINT SHADOWS_CUBE SHADOWS_SOFT pd= ok=1
Cmd: compileSnippet
  api=1 type=0 insize=1275 outsize=441 kw=POINT_COOKIE SHADOWS_CUBE SHADOWS_SOFT pd= ok=1
Cmd: compileSnippet
  api=1 type=1 insize=1275 outsize=1442 kw=POINT SHADOWS_OFF pd= ok=1
Cmd: compileSnippet
  api=0 type=1 insize=1275 outsize=6 kw=DIRECTIONAL SHADOWS_OFF pd= ok=1
Cmd: compileSnippet
  api=4 type=1 insize=1275 outsize=3955 kw=DIRECTIONAL SHADOWS_OFF pd= ok=1
Cmd: compileSnippet
  api=4 type=1 insize=1275 outsize=5206 kw=SPOT SHADOWS_OFF pd= ok=1
Cmd: compileSnippet
  api=4 type=1 insize=1275 outsize=4995 kw=POINT_COOKIE SHADOWS_OFF pd= ok=1
Cmd: compileSnippet
  api=4 type=1 insize=1275 outsize=4532 kw=DIRECTIONAL_COOKIE SHADOWS_OFF pd= ok=1
Cmd: compileSnippet
  api=4 type=1 insize=1275 outsize=6059 kw=SPOT SHADOWS_DEPTH SHADOWS_NATIVE pd= ok=1
Cmd: compileSnippet
  api=0 type=1 insize=1275 outsize=6 kw=DIRECTIONAL_COOKIE SHADOWS_SCREEN pd= ok=1
Cmd: compileSnippet
  api=1 type=1 insize=1275 outsize=1451 kw=DIRECTIONAL_COOKIE SHADOWS_SCREEN pd= ok=1
Cmd: compileSnippet
  api=0 type=1 insize=1275 outsize=6 kw=POINT SHADOWS_CUBE pd= ok=1
Cmd: compileSnippet
  api=1 type=1 insize=1275 outsize=1616 kw=POINT SHADOWS_CUBE pd= ok=1
Cmd: compileSnippet
  api=0 type=1 insize=1275 outsize=6 kw=POINT_COOKIE SHADOWS_CUBE pd= ok=1
Cmd: compileSnippet
  api=1 type=1 insize=1275 outsize=1734 kw=POINT_COOKIE SHADOWS_CUBE pd= ok=1
Cmd: compileSnippet
  api=0 type=1 insize=1275 outsize=6 kw=SPOT SHADOWS_DEPTH SHADOWS_SOFT SHADOWS_NATIVE pd= ok=1
Cmd: compileSnippet
  api=1 type=1 insize=1275 outsize=2041 kw=SPOT SHADOWS_DEPTH SHADOWS_SOFT SHADOWS_NATIVE pd= ok=1
Cmd: compileSnippet
  api=0 type=1 insize=1275 outsize=6 kw=POINT SHADOWS_CUBE SHADOWS_SOFT pd= ok=1
Cmd: compileSnippet
  api=1 type=1 insize=1275 outsize=1894 kw=POINT SHADOWS_CUBE SHADOWS_SOFT pd= ok=1
Cmd: compileSnippet
  api=0 type=1 insize=1275 outsize=6 kw=POINT_COOKIE SHADOWS_CUBE SHADOWS_SOFT pd= ok=1
Cmd: compileSnippet
  api=1 type=1 insize=1275 outsize=2017 kw=POINT_COOKIE SHADOWS_CUBE SHADOWS_SOFT pd= ok=1
Cmd: compileSnippet
  api=1 type=0 insize=1268 outsize=441 kw=POINT SHADOWS_OFF pd= ok=1
Cmd: compileSnippet
  api=4 type=0 insize=1268 outsize=1956 kw=POINT SHADOWS_OFF pd= ok=1
Cmd: compileSnippet
  api=0 type=0 insize=1268 outsize=2524 kw=DIRECTIONAL SHADOWS_OFF pd= ok=1
Cmd: compileSnippet
  api=0 type=0 insize=1268 outsize=3054 kw=SPOT SHADOWS_OFF pd= ok=1
Cmd: compileSnippet
  api=1 type=0 insize=1268 outsize=441 kw=POINT_COOKIE SHADOWS_OFF pd= ok=1
Cmd: compileSnippet
  api=4 type=0 insize=1268 outsize=1956 kw=POINT_COOKIE SHADOWS_OFF pd= ok=1
Cmd: compileSnippet
  api=0 type=0 insize=1268 outsize=2776 kw=DIRECTIONAL_COOKIE SHADOWS_OFF pd= ok=1
Cmd: compileSnippet
  api=1 type=0 insize=1268 outsize=441 kw=SPOT SHADOWS_DEPTH SHADOWS_NATIVE pd= ok=1
Cmd: compileSnippet
  api=4 type=0 insize=1268 outsize=1956 kw=SPOT SHADOWS_DEPTH SHADOWS_NATIVE pd= ok=1
Cmd: compileSnippet
  api=0 type=0 insize=1268 outsize=2840 kw=DIRECTIONAL SHADOWS_SCREEN pd= ok=1
Cmd: compileSnippet
  api=1 type=0 insize=1268 outsize=441 kw=DIRECTIONAL_COOKIE SHADOWS_SCREEN pd= ok=1
Cmd: compileSnippet
  api=4 type=0 insize=1268 outsize=1956 kw=DIRECTIONAL_COOKIE SHADOWS_SCREEN pd= ok=1
Cmd: compileSnippet
  api=0 type=0 insize=1268 outsize=3257 kw=POINT SHADOWS_CUBE pd= ok=1
Cmd: compileSnippet
  api=1 type=0 insize=1268 outsize=441 kw=POINT_COOKIE SHADOWS_CUBE pd= ok=1
Cmd: compileSnippet
  api=4 type=0 insize=1268 outsize=1956 kw=POINT_COOKIE SHADOWS_CUBE pd= ok=1
Cmd: compileSnippet
  api=0 type=0 insize=1268 outsize=4069 kw=SPOT SHADOWS_DEPTH SHADOWS_SOFT SHADOWS_NATIVE pd= ok=1
Cmd: compileSnippet
  api=0 type=0 insize=1268 outsize=4184 kw=POINT SHADOWS_CUBE SHADOWS_SOFT pd= ok=1
Cmd: compileSnippet
  api=1 type=0 insize=1268 outsize=441 kw=POINT_COOKIE SHADOWS_CUBE SHADOWS_SOFT pd= ok=1
Cmd: compileSnippet
  api=4 type=0 insize=1268 outsize=1956 kw=POINT_COOKIE SHADOWS_CUBE SHADOWS_SOFT pd= ok=1
Cmd: compileSnippet
  api=1 type=1 insize=1268 outsize=1363 kw=POINT SHADOWS_OFF pd= ok=1
Cmd: compileSnippet
  api=0 type=1 insize=1268 outsize=6 kw=DIRECTIONAL SHADOWS_OFF pd= ok=1
Cmd: compileSnippet
  api=1 type=1 insize=1268 outsize=1151 kw=DIRECTIONAL SHADOWS_OFF pd= ok=1
Cmd: compileSnippet
  api=1 type=1 insize=1268 outsize=1520 kw=SPOT SHADOWS_OFF pd= ok=1
Cmd: compileSnippet
  api=0 type=1 insize=1268 outsize=6 kw=POINT_COOKIE SHADOWS_OFF pd= ok=1
Cmd: compileSnippet
  api=1 type=1 insize=1268 outsize=1476 kw=POINT_COOKIE SHADOWS_OFF pd= ok=1
Cmd: compileSnippet
  api=0 type=1 insize=1268 outsize=6 kw=DIRECTIONAL_COOKIE SHADOWS_OFF pd= ok=1
Cmd: compileSnippet
  api=1 type=1 insize=1268 outsize=1323 kw=DIRECTIONAL_COOKIE SHADOWS_OFF pd= ok=1
Cmd: compileSnippet
  api=0 type=1 insize=1268 outsize=6 kw=SPOT SHADOWS_DEPTH SHADOWS_NATIVE pd= ok=1
Cmd: compileSnippet
  api=1 type=1 insize=1268 outsize=1698 kw=SPOT SHADOWS_DEPTH SHADOWS_NATIVE pd= ok=1
Cmd: compileSnippet
  api=0 type=1 insize=1268 outsize=6 kw=DIRECTIONAL SHADOWS_SCREEN pd= ok=1
Cmd: compileSnippet
  api=1 type=1 insize=1268 outsize=1250 kw=DIRECTIONAL SHADOWS_SCREEN pd= ok=1
Cmd: compileSnippet
  api=0 type=1 insize=1268 outsize=6 kw=DIRECTIONAL_COOKIE SHADOWS_SCREEN pd= ok=1
Cmd: compileSnippet
  api=1 type=1 insize=1268 outsize=1372 kw=DIRECTIONAL_COOKIE SHADOWS_SCREEN pd= ok=1
Cmd: compileSnippet
  api=0 type=1 insize=1268 outsize=6 kw=POINT SHADOWS_CUBE pd= ok=1
Cmd: compileSnippet
  api=1 type=1 insize=1268 outsize=1537 kw=POINT SHADOWS_CUBE pd= ok=1
Cmd: compileSnippet
  api=4 type=1 insize=1268 outsize=4954 kw=POINT SHADOWS_CUBE pd= ok=1
Cmd: compileSnippet
  api=4 type=1 insize=1268 outsize=5466 kw=POINT_COOKIE SHADOWS_CUBE pd= ok=1
Cmd: compileSnippet
  api=4 type=1 insize=1268 outsize=6620 kw=SPOT SHADOWS_DEPTH SHADOWS_SOFT SHADOWS_NATIVE pd= ok=1
Cmd: compileSnippet
  api=0 type=1 insize=1268 outsize=6 kw=POINT_COOKIE SHADOWS_CUBE SHADOWS_SOFT pd= ok=1
Cmd: compileSnippet
  api=1 type=1 insize=1268 outsize=1938 kw=POINT_COOKIE SHADOWS_CUBE SHADOWS_SOFT pd= ok=1
Cmd: compileSnippet
  api=4 type=1 insize=1268 outsize=6238 kw=POINT_COOKIE SHADOWS_CUBE SHADOWS_SOFT pd= ok=1
Cmd: compileSnippet
  api=0 type=0 insize=1273 outsize=2777 kw=POINT SHADOWS_OFF pd= ok=1
Cmd: compileSnippet
  api=1 type=0 insize=1273 outsize=441 kw=DIRECTIONAL SHADOWS_OFF pd= ok=1
Cmd: compileSnippet
  api=4 type=0 insize=1273 outsize=1956 kw=DIRECTIONAL SHADOWS_OFF pd= ok=1
Cmd: compileSnippet
  api=0 type=0 insize=1273 outsize=3059 kw=SPOT SHADOWS_OFF pd= ok=1
Cmd: compileSnippet
  api=0 type=0 insize=1273 outsize=2971 kw=POINT_COOKIE SHADOWS_OFF pd= ok=1
Cmd: compileSnippet
  api=1 type=0 insize=1273 outsize=441 kw=DIRECTIONAL_COOKIE SHADOWS_OFF pd= ok=1
Cmd: compileSnippet
  api=4 type=0 insize=1273 outsize=1956 kw=DIRECTIONAL_COOKIE SHADOWS_OFF pd= ok=1
Cmd: compileSnippet
  api=0 type=0 insize=1273 outsize=3539 kw=SPOT SHADOWS_DEPTH SHADOWS_NATIVE pd= ok=1
Cmd: compileSnippet
  api=1 type=0 insize=1273 outsize=441 kw=DIRECTIONAL SHADOWS_SCREEN pd= ok=1
Cmd: compileSnippet
  api=4 type=0 insize=1273 outsize=1956 kw=DIRECTIONAL SHADOWS_SCREEN pd= ok=1
Cmd: compileSnippet
  api=0 type=0 insize=1273 outsize=3060 kw=DIRECTIONAL_COOKIE SHADOWS_SCREEN pd= ok=1
Cmd: compileSnippet
  api=1 type=0 insize=1273 outsize=441 kw=POINT SHADOWS_CUBE pd= ok=1
Cmd: compileSnippet
  api=4 type=0 insize=1273 outsize=1956 kw=POINT SHADOWS_CUBE pd= ok=1
Cmd: compileSnippet
  api=0 type=0 insize=1273 outsize=3482 kw=POINT_COOKIE SHADOWS_CUBE pd= ok=1
Cmd: compileSnippet
  api=1 type=0 insize=1273 outsize=441 kw=SPOT SHADOWS_DEPTH SHADOWS_SOFT SHADOWS_NATIVE pd= ok=1
Cmd: compileSnippet
  api=4 type=0 insize=1273 outsize=1956 kw=SPOT SHADOWS_DEPTH SHADOWS_SOFT SHADOWS_NATIVE pd= ok=1
Cmd: compileSnippet
  api=0 type=0 insize=1273 outsize=4189 kw=POINT SHADOWS_CUBE SHADOWS_SOFT pd= ok=1
Cmd: compileSnippet
  api=1 type=0 insize=1273 outsize=441 kw=POINT_COOKIE SHADOWS_CUBE SHADOWS_SOFT pd= ok=1
Cmd: compileSnippet
  api=4 type=0 insize=1273 outsize=1956 kw=POINT_COOKIE SHADOWS_CUBE SHADOWS_SOFT pd= ok=1
Cmd: compileSnippet
  api=1 type=1 insize=1273 outsize=1358 kw=POINT SHADOWS_OFF pd= ok=1
Cmd: compileSnippet
  api=0 type=1 insize=1273 outsize=6 kw=DIRECTIONAL SHADOWS_OFF pd= ok=1
Cmd: compileSnippet
  api=1 type=1 insize=1273 outsize=1156 kw=DIRECTIONAL SHADOWS_OFF pd= ok=1
Cmd: compileSnippet
  api=0 type=1 insize=1273 outsize=6 kw=SPOT SHADOWS_OFF pd= ok=1
Cmd: compileSnippet
  api=4 type=1 insize=1273 outsize=5158 kw=SPOT SHADOWS_OFF pd= ok=1
Cmd: compileSnippet
  api=4 type=1 insize=1273 outsize=4946 kw=POINT_COOKIE SHADOWS_OFF pd= ok=1
Cmd: compileSnippet
  api=1 type=1 insize=1273 outsize=1318 kw=DIRECTIONAL_COOKIE SHADOWS_OFF pd= ok=1
Cmd: compileSnippet
  api=0 type=1 insize=1273 outsize=6 kw=SPOT SHADOWS_DEPTH SHADOWS_NATIVE pd= ok=1
Cmd: compileSnippet
  api=4 type=1 insize=1273 outsize=6011 kw=SPOT SHADOWS_DEPTH SHADOWS_NATIVE pd= ok=1
Cmd: compileSnippet
  api=4 type=1 insize=1273 outsize=4207 kw=DIRECTIONAL SHADOWS_SCREEN pd= ok=1
Cmd: compileSnippet
  api=4 type=1 insize=1273 outsize=4816 kw=DIRECTIONAL_COOKIE SHADOWS_SCREEN pd= ok=1
Cmd: compileSnippet
  api=4 type=1 insize=1273 outsize=4954 kw=POINT SHADOWS_CUBE pd= ok=1
Cmd: compileSnippet
  api=4 type=1 insize=1273 outsize=5466 kw=POINT_COOKIE SHADOWS_CUBE pd= ok=1
Cmd: compileSnippet
  api=4 type=1 insize=1273 outsize=6620 kw=SPOT SHADOWS_DEPTH SHADOWS_SOFT SHADOWS_NATIVE pd= ok=1
Cmd: compileSnippet
  api=4 type=1 insize=1273 outsize=5759 kw=POINT SHADOWS_CUBE SHADOWS_SOFT pd= ok=1
Cmd: compileSnippet
  api=4 type=1 insize=1273 outsize=6238 kw=POINT_COOKIE SHADOWS_CUBE SHADOWS_SOFT pd= ok=1
Cmd: compileSnippet
  api=1 type=0 insize=1934 outsize=441 kw=POINT SHADOWS_OFF pd= ok=1
Cmd: compileSnippet
  api=4 type=0 insize=1934 outsize=1956 kw=POINT SHADOWS_OFF pd= ok=1
Cmd: compileSnippet
  api=0 type=0 insize=1934 outsize=3591 kw=DIRECTIONAL SHADOWS_OFF pd= ok=1
Cmd: compileSnippet
  api=0 type=0 insize=1934 outsize=4184 kw=SPOT SHADOWS_OFF pd= ok=1
Cmd: compileSnippet
  api=1 type=0 insize=1934 outsize=441 kw=POINT_COOKIE SHADOWS_OFF pd= ok=1
Cmd: compileSnippet
  api=4 type=0 insize=1934 outsize=1956 kw=POINT_COOKIE SHADOWS_OFF pd= ok=1
Cmd: compileSnippet
  api=0 type=0 insize=1934 outsize=3860 kw=DIRECTIONAL_COOKIE SHADOWS_OFF pd= ok=1
Cmd: compileSnippet
  api=1 type=0 insize=1934 outsize=441 kw=SPOT SHADOWS_DEPTH SHADOWS_NATIVE pd= ok=1
Cmd: compileSnippet
  api=4 type=0 insize=1934 outsize=1956 kw=SPOT SHADOWS_DEPTH SHADOWS_NATIVE pd= ok=1
Cmd: compileSnippet
  api=0 type=0 insize=1934 outsize=4104 kw=DIRECTIONAL SHADOWS_SCREEN pd= ok=1
Cmd: compileSnippet
  api=1 type=0 insize=1934 outsize=441 kw=DIRECTIONAL_COOKIE SHADOWS_SCREEN pd= ok=1
Cmd: compileSnippet
  api=4 type=0 insize=1934 outsize=1956 kw=DIRECTIONAL_COOKIE SHADOWS_SCREEN pd= ok=1
Cmd: compileSnippet
  api=0 type=0 insize=1934 outsize=4358 kw=POINT SHADOWS_CUBE pd= ok=1
Cmd: compileSnippet
  api=1 type=0 insize=1934 outsize=441 kw=POINT_COOKIE SHADOWS_CUBE pd= ok=1
Cmd: compileSnippet
  api=4 type=0 insize=1934 outsize=1956 kw=POINT_COOKIE SHADOWS_CUBE pd= ok=1
Cmd: compileSnippet
  api=0 type=0 insize=1934 outsize=5379 kw=SPOT SHADOWS_DEPTH SHADOWS_SOFT SHADOWS_NATIVE pd= ok=1
Cmd: compileSnippet
  api=1 type=0 insize=1934 outsize=441 kw=POINT SHADOWS_CUBE SHADOWS_SOFT pd= ok=1
Cmd: compileSnippet
  api=4 type=0 insize=1934 outsize=1956 kw=POINT SHADOWS_CUBE SHADOWS_SOFT pd= ok=1
Cmd: compileSnippet
  api=0 type=0 insize=1934 outsize=5499 kw=POINT_COOKIE SHADOWS_CUBE SHADOWS_SOFT pd= ok=1
Cmd: compileSnippet
  api=1 type=0 insize=1934 outsize=441 kw=POINT SHADOWS_OFF UNITY_HDR_ON pd= ok=1
Cmd: compileSnippet
  api=4 type=0 insize=1934 outsize=1956 kw=POINT SHADOWS_OFF UNITY_HDR_ON pd= ok=1
Cmd: compileSnippet
  api=1 type=0 insize=1934 outsize=441 kw=DIRECTIONAL SHADOWS_OFF UNITY_HDR_ON pd= ok=1
Cmd: compileSnippet
  api=4 type=0 insize=1934 outsize=1956 kw=DIRECTIONAL SHADOWS_OFF UNITY_HDR_ON pd= ok=1
Cmd: compileSnippet
  api=0 type=0 insize=1934 outsize=4175 kw=SPOT SHADOWS_OFF UNITY_HDR_ON pd= ok=1
Cmd: compileSnippet
  api=0 type=0 insize=1934 outsize=4051 kw=POINT_COOKIE SHADOWS_OFF UNITY_HDR_ON pd= ok=1
Cmd: compileSnippet
  api=1 type=0 insize=1934 outsize=441 kw=DIRECTIONAL_COOKIE SHADOWS_OFF UNITY_HDR_ON pd= ok=1
Cmd: compileSnippet
  api=4 type=0 insize=1934 outsize=1956 kw=DIRECTIONAL_COOKIE SHADOWS_OFF UNITY_HDR_ON pd= ok=1
Cmd: compileSnippet
  api=0 type=0 insize=1934 outsize=4835 kw=SPOT SHADOWS_DEPTH SHADOWS_NATIVE UNITY_HDR_ON pd= ok=1
Cmd: compileSnippet
  api=1 type=0 insize=1934 outsize=441 kw=DIRECTIONAL SHADOWS_SCREEN UNITY_HDR_ON pd= ok=1
Cmd: compileSnippet
  api=4 type=0 insize=1934 outsize=1956 kw=DIRECTIONAL SHADOWS_SCREEN UNITY_HDR_ON pd= ok=1
Cmd: compileSnippet
  api=1 type=0 insize=1934 outsize=441 kw=DIRECTIONAL_COOKIE SHADOWS_SCREEN UNITY_HDR_ON pd= ok=1
Cmd: compileSnippet
  api=4 type=0 insize=1934 outsize=1956 kw=DIRECTIONAL_COOKIE SHADOWS_SCREEN UNITY_HDR_ON pd= ok=1
Cmd: compileSnippet
  api=0 type=0 insize=1934 outsize=4349 kw=POINT SHADOWS_CUBE UNITY_HDR_ON pd= ok=1
Cmd: compileSnippet
  api=1 type=0 insize=1934 outsize=441 kw=POINT_COOKIE SHADOWS_CUBE UNITY_HDR_ON pd= ok=1
Cmd: compileSnippet
  api=4 type=0 insize=1934 outsize=1956 kw=POINT_COOKIE SHADOWS_CUBE UNITY_HDR_ON pd= ok=1
Cmd: compileSnippet
  api=0 type=0 insize=1934 outsize=5370 kw=SPOT SHADOWS_DEPTH SHADOWS_SOFT SHADOWS_NATIVE UNITY_HDR_ON pd= ok=1
Cmd: compileSnippet
  api=1 type=0 insize=1934 outsize=441 kw=POINT SHADOWS_CUBE SHADOWS_SOFT UNITY_HDR_ON pd= ok=1
Cmd: compileSnippet
  api=4 type=0 insize=1934 outsize=1956 kw=POINT SHADOWS_CUBE SHADOWS_SOFT UNITY_HDR_ON pd= ok=1
Cmd: compileSnippet
  api=0 type=0 insize=1934 outsize=5490 kw=POINT_COOKIE SHADOWS_CUBE SHADOWS_SOFT UNITY_HDR_ON pd= ok=1
Cmd: compileSnippet
  api=1 type=1 insize=1934 outsize=2312 kw=POINT SHADOWS_OFF pd= ok=1
Cmd: compileSnippet
  api=0 type=1 insize=1934 outsize=6 kw=DIRECTIONAL SHADOWS_OFF pd= ok=1
Cmd: compileSnippet
  api=4 type=1 insize=1934 outsize=6189 kw=DIRECTIONAL SHADOWS_OFF pd= ok=1
Cmd: compileSnippet
  api=0 type=1 insize=1934 outsize=6 kw=SPOT SHADOWS_OFF pd= ok=1
Cmd: compileSnippet
  api=4 type=1 insize=1934 outsize=7319 kw=SPOT SHADOWS_OFF pd= ok=1
Cmd: compileSnippet
  api=0 type=1 insize=1934 outsize=6 kw=POINT_COOKIE SHADOWS_OFF pd= ok=1
Cmd: compileSnippet
  api=1 type=1 insize=1934 outsize=2485 kw=POINT_COOKIE SHADOWS_OFF pd= ok=1
Cmd: compileSnippet
  api=1 type=1 insize=1934 outsize=2306 kw=DIRECTIONAL_COOKIE SHADOWS_OFF pd= ok=1
Cmd: compileSnippet
  api=1 type=1 insize=1934 outsize=2865 kw=SPOT SHADOWS_DEPTH SHADOWS_NATIVE pd= ok=1
Cmd: compileSnippet
  api=0 type=1 insize=1934 outsize=6 kw=DIRECTIONAL SHADOWS_SCREEN pd= ok=1
Cmd: compileSnippet
  api=1 type=1 insize=1934 outsize=2506 kw=DIRECTIONAL SHADOWS_SCREEN pd= ok=1
Cmd: compileSnippet
  api=0 type=1 insize=1934 outsize=6 kw=DIRECTIONAL_COOKIE SHADOWS_SCREEN pd= ok=1
Cmd: compileSnippet
  api=1 type=1 insize=1934 outsize=2595 kw=DIRECTIONAL_COOKIE SHADOWS_SCREEN pd= ok=1
Cmd: compileSnippet
  api=0 type=1 insize=1934 outsize=6 kw=POINT SHADOWS_CUBE pd= ok=1
Cmd: compileSnippet
  api=1 type=1 insize=1934 outsize=2498 kw=POINT SHADOWS_CUBE pd= ok=1
Cmd: compileSnippet
  api=0 type=1 insize=1934 outsize=6 kw=POINT_COOKIE SHADOWS_CUBE pd= ok=1
Cmd: compileSnippet
  api=1 type=1 insize=1934 outsize=2653 kw=POINT_COOKIE SHADOWS_CUBE pd= ok=1
Cmd: compileSnippet
  api=0 type=1 insize=1934 outsize=6 kw=SPOT SHADOWS_DEPTH SHADOWS_SOFT SHADOWS_NATIVE pd= ok=1
Cmd: compileSnippet
  api=1 type=1 insize=1934 outsize=3109 kw=SPOT SHADOWS_DEPTH SHADOWS_SOFT SHADOWS_NATIVE pd= ok=1
Cmd: compileSnippet
  api=0 type=1 insize=1934 outsize=6 kw=POINT SHADOWS_CUBE SHADOWS_SOFT pd= ok=1
Cmd: compileSnippet
  api=1 type=1 insize=1934 outsize=2765 kw=POINT SHADOWS_CUBE SHADOWS_SOFT pd= ok=1
Cmd: compileSnippet
  api=0 type=1 insize=1934 outsize=6 kw=POINT_COOKIE SHADOWS_CUBE SHADOWS_SOFT pd= ok=1
Cmd: compileSnippet
  api=1 type=1 insize=1934 outsize=2871 kw=POINT_COOKIE SHADOWS_CUBE SHADOWS_SOFT pd= ok=1
Cmd: compileSnippet
  api=0 type=1 insize=1934 outsize=6 kw=POINT SHADOWS_OFF UNITY_HDR_ON pd= ok=1
Cmd: compileSnippet
  api=1 type=1 insize=1934 outsize=2250 kw=POINT SHADOWS_OFF UNITY_HDR_ON pd= ok=1
Cmd: compileSnippet
  api=0 type=1 insize=1934 outsize=6 kw=DIRECTIONAL SHADOWS_OFF UNITY_HDR_ON pd= ok=1
Cmd: compileSnippet
  api=1 type=1 insize=1934 outsize=2139 kw=DIRECTIONAL SHADOWS_OFF UNITY_HDR_ON pd= ok=1
Cmd: compileSnippet
  api=1 type=1 insize=1934 outsize=2443 kw=SPOT SHADOWS_OFF UNITY_HDR_ON pd= ok=1
Cmd: compileSnippet
  api=1 type=1 insize=1934 outsize=2424 kw=POINT_COOKIE SHADOWS_OFF UNITY_HDR_ON pd= ok=1
Cmd: compileSnippet
  api=0 type=1 insize=1934 outsize=6 kw=DIRECTIONAL_COOKIE SHADOWS_OFF UNITY_HDR_ON pd= ok=1
Cmd: compileSnippet
  api=1 type=1 insize=1934 outsize=2245 kw=DIRECTIONAL_COOKIE SHADOWS_OFF UNITY_HDR_ON pd= ok=1
Cmd: compileSnippet
  api=1 type=1 insize=1934 outsize=2804 kw=SPOT SHADOWS_DEPTH SHADOWS_NATIVE UNITY_HDR_ON pd= ok=1
Cmd: compileSnippet
  api=0 type=1 insize=1934 outsize=6 kw=DIRECTIONAL SHADOWS_SCREEN UNITY_HDR_ON pd= ok=1
Cmd: compileSnippet
  api=1 type=1 insize=1934 outsize=2445 kw=DIRECTIONAL SHADOWS_SCREEN UNITY_HDR_ON pd= ok=1
Cmd: compileSnippet
  api=0 type=1 insize=1934 outsize=6 kw=DIRECTIONAL_COOKIE SHADOWS_SCREEN UNITY_HDR_ON pd= ok=1
Cmd: compileSnippet
  api=1 type=1 insize=1934 outsize=2534 kw=DIRECTIONAL_COOKIE SHADOWS_SCREEN UNITY_HDR_ON pd= ok=1
Cmd: compileSnippet
  api=0 type=1 insize=1934 outsize=6 kw=POINT SHADOWS_CUBE UNITY_HDR_ON pd= ok=1
Cmd: compileSnippet
  api=1 type=1 insize=1934 outsize=2438 kw=POINT SHADOWS_CUBE UNITY_HDR_ON pd= ok=1
Cmd: compileSnippet
  api=0 type=1 insize=1934 outsize=6 kw=POINT_COOKIE SHADOWS_CUBE UNITY_HDR_ON pd= ok=1
Cmd: compileSnippet
  api=1 type=1 insize=1934 outsize=2593 kw=POINT_COOKIE SHADOWS_CUBE UNITY_HDR_ON pd= ok=1
Cmd: compileSnippet
  api=0 type=1 insize=1934 outsize=6 kw=SPOT SHADOWS_DEPTH SHADOWS_SOFT SHADOWS_NATIVE UNITY_HDR_ON pd= ok=1
Cmd: compileSnippet
  api=4 type=1 insize=1934 outsize=9098 kw=SPOT SHADOWS_DEPTH SHADOWS_SOFT SHADOWS_NATIVE UNITY_HDR_ON pd= ok=1
Cmd: compileSnippet
  api=4 type=1 insize=1934 outsize=7839 kw=POINT SHADOWS_CUBE SHADOWS_SOFT UNITY_HDR_ON pd= ok=1
Cmd: compileSnippet
  api=4 type=1 insize=1934 outsize=8318 kw=POINT_COOKIE SHADOWS_CUBE SHADOWS_SOFT UNITY_HDR_ON pd= ok=1
Cmd: compileSnippet
  api=1 type=0 insize=683 outsize=157 kw= pd= ok=1
Cmd: compileSnippet
  api=4 type=0 insize=683 outsize=1006 kw= pd= ok=1
Cmd: compileSnippet
  api=1 type=1 insize=683 outsize=142 kw= pd= ok=1
Cmd: compileSnippet
  api=1 type=0 insize=3264 outsize=441 kw= pd= ok=1
Cmd: compileSnippet
  api=4 type=0 insize=3264 outsize=1956 kw= pd= ok=1
Cmd: compileSnippet
  api=1 type=1 insize=3264 outsize=1811 kw= pd= ok=1
Cmd: compileSnippet
  api=1 type=0 insize=823 outsize=244 kw= pd= ok=1
Cmd: compileSnippet
  api=4 type=0 insize=823 outsize=1209 kw= pd= ok=1
Cmd: compileSnippet
  api=1 type=0 insize=823 outsize=244 kw=UNITY_HDR_ON pd= ok=1
Cmd: compileSnippet
  api=4 type=0 insize=823 outsize=1209 kw=UNITY_HDR_ON pd= ok=1
Cmd: compileSnippet
  api=1 type=1 insize=823 outsize=137 kw= pd= ok=1
Cmd: compileSnippet
  api=0 type=1 insize=823 outsize=6 kw=UNITY_HDR_ON pd= ok=1
Cmd: compileSnippet
  api=4 type=1 insize=823 outsize=616 kw=UNITY_HDR_ON pd= ok=1
Cmd: compileSnippet
  api=1 type=0 insize=1420 outsize=252 kw= pd= ok=1
Cmd: compileSnippet
  api=4 type=0 insize=1420 outsize=1379 kw= pd= ok=1
Cmd: compileSnippet
  api=8 type=0 insize=1420 outsize=1934 kw= pd=UNITY_NO_SCREENSPACE_SHADOWS UNITY_NO_LINEAR_COLORSPACE ok=1
Cmd: compileSnippet
  api=1 type=1 insize=1420 outsize=396 kw= pd= ok=1
Cmd: compileSnippet
  api=8 type=1 insize=1420 outsize=2568 kw= pd=UNITY_NO_SCREENSPACE_SHADOWS UNITY_NO_LINEAR_COLORSPACE ok=1
Cmd: compileSnippet
  api=1 type=0 insize=6657 outsize=151 kw= pd= ok=1
Cmd: compileSnippet
  api=4 type=0 insize=6657 outsize=1071 kw= pd= ok=1
Cmd: compileSnippet
  api=1 type=1 insize=6657 outsize=9282 kw= pd= ok=1
Cmd: compileSnippet
  api=0 type=0 insize=6657 outsize=378 kw= pd= ok=1
Cmd: compileSnippet
  api=1 type=1 insize=6657 outsize=106 kw= pd= ok=1
Cmd: compileSnippet
  api=8 type=1 insize=6657 outsize=983 kw= pd=UNITY_NO_SCREENSPACE_SHADOWS UNITY_NO_LINEAR_COLORSPACE ok=1
Cmd: compileSnippet
  api=1 type=0 insize=701 outsize=151 kw= pd= ok=1
Cmd: compileSnippet
  api=4 type=0 insize=701 outsize=1071 kw= pd= ok=1
Cmd: compileSnippet
  api=1 type=1 insize=701 outsize=98 kw= pd= ok=1
Cmd: compileSnippet
  api=1 type=0 insize=701 outsize=128 kw= pd= ok=1
Cmd: compileSnippet
  api=4 type=0 insize=701 outsize=1071 kw= pd= ok=1
Cmd: compileSnippet
  api=8 type=0 insize=701 outsize=1519 kw= pd=UNITY_NO_SCREENSPACE_SHADOWS UNITY_NO_LINEAR_COLORSPACE ok=1
Cmd: compileSnippet
  api=1 type=1 insize=701 outsize=100 kw= pd= ok=1
Cmd: compileSnippet
  api=8 type=1 insize=701 outsize=983 kw= pd=UNITY_NO_SCREENSPACE_SHADOWS UNITY_NO_LINEAR_COLORSPACE ok=1
Cmd: compileSnippet
  api=1 type=0 insize=1032 outsize=159 kw= pd= ok=1
Cmd: compileSnippet
  api=4 type=0 insize=1032 outsize=1006 kw= pd= ok=1
Cmd: compileSnippet
  api=1 type=1 insize=1032 outsize=346 kw= pd= ok=1
Cmd: compileSnippet
  api=1 type=0 insize=1032 outsize=132 kw= pd= ok=1
Cmd: compileSnippet
  api=4 type=0 insize=1032 outsize=1006 kw= pd= ok=1
Cmd: compileSnippet
  api=8 type=0 insize=1032 outsize=1454 kw= pd=UNITY_NO_SCREENSPACE_SHADOWS UNITY_NO_LINEAR_COLORSPACE ok=1
Cmd: compileSnippet
  api=1 type=1 insize=1032 outsize=350 kw= pd= ok=1
Cmd: compileSnippet
  api=8 type=1 insize=1032 outsize=1861 kw= pd=UNITY_NO_SCREENSPACE_SHADOWS UNITY_NO_LINEAR_COLORSPACE ok=1
Unhandled exception: Readfile from pipe failed. GLE=The pipe has been ended.


Quitting shader compiler process
